lapack_int LAPACKE_sbdsdc_work( int matrix_layout, char uplo, char compq,
lapack_int LAPACKE_dbdsdc_work( int matrix_layout, char uplo, char compq,
lapack_int LAPACKE_sbdsvdx_work( int matrix_layout, char uplo, char jobz, char range,
lapack_int LAPACKE_dbdsvdx_work( int matrix_layout, char uplo, char jobz, char range,
lapack_int LAPACKE_sbdsqr_work( int matrix_layout, char uplo, lapack_int n,
lapack_int LAPACKE_dbdsqr_work( int matrix_layout, char uplo, lapack_int n,
lapack_int LAPACKE_cbdsqr_work( int matrix_layout, char uplo, lapack_int n,
lapack_int LAPACKE_zbdsqr_work( int matrix_layout, char uplo, lapack_int n,
lapack_int LAPACKE_sdisna_work( char job, lapack_int m, lapack_int n,
lapack_int LAPACKE_ddisna_work( char job, lapack_int m, lapack_int n,
lapack_int LAPACKE_sgbbrd_work( int matrix_layout, char vect, lapack_int m,
lapack_int LAPACKE_dgbbrd_work( int matrix_layout, char vect, lapack_int m,
lapack_int LAPACKE_cgbbrd_work( int matrix_layout, char vect, lapack_int m,
lapack_int LAPACKE_zgbbrd_work( int matrix_layout, char vect, lapack_int m,
lapack_int LAPACKE_sgbcon_work( int matrix_layout, char norm, lapack_int n,
lapack_int LAPACKE_dgbcon_work( int matrix_layout, char norm, lapack_int n,
lapack_int LAPACKE_cgbcon_work( int matrix_layout, char norm, lapack_int n,
lapack_int LAPACKE_zgbcon_work( int matrix_layout, char norm, lapack_int n,
lapack_int LAPACKE_sgbequ_work( int matrix_layout, lapack_int m, lapack_int n,
lapack_int LAPACKE_dgbequ_work( int matrix_layout, lapack_int m, lapack_int n,
lapack_int LAPACKE_cgbequ_work( int matrix_layout, lapack_int m, lapack_int n,
lapack_int LAPACKE_zgbequ_work( int matrix_layout, lapack_int m, lapack_int n,
lapack_int LAPACKE_sgbequb_work( int matrix_layout, lapack_int m, lapack_int n,
lapack_int LAPACKE_dgbequb_work( int matrix_layout, lapack_int m, lapack_int n,
lapack_int LAPACKE_cgbequb_work( int matrix_layout, lapack_int m, lapack_int n,
lapack_int LAPACKE_zgbequb_work( int matrix_layout, lapack_int m, lapack_int n,
lapack_int LAPACKE_sgbrfs_work( int matrix_layout, char trans, lapack_int n,
lapack_int LAPACKE_dgbrfs_work( int matrix_layout, char trans, lapack_int n,
lapack_int LAPACKE_cgbrfs_work( int matrix_layout, char trans, lapack_int n,
lapack_int LAPACKE_zgbrfs_work( int matrix_layout, char trans, lapack_int n,
lapack_int LAPACKE_sgbrfsx_work( int matrix_layout, char trans, char equed,
lapack_int LAPACKE_dgbrfsx_work( int matrix_layout, char trans, char equed,
lapack_int LAPACKE_cgbrfsx_work( int matrix_layout, char trans, char equed,
lapack_int LAPACKE_zgbrfsx_work( int matrix_layout, char trans, char equed,
lapack_int LAPACKE_sgbsv_work( int matrix_layout, lapack_int n, lapack_int kl,
lapack_int LAPACKE_dgbsv_work( int matrix_layout, lapack_int n, lapack_int kl,
lapack_int LAPACKE_cgbsv_work( int matrix_layout, lapack_int n, lapack_int kl,
lapack_int LAPACKE_zgbsv_work( int matrix_layout, lapack_int n, lapack_int kl,
lapack_int LAPACKE_sgbsvx_work( int matrix_layout, char fact, char trans,
lapack_int LAPACKE_dgbsvx_work( int matrix_layout, char fact, char trans,
lapack_int LAPACKE_cgbsvx_work( int matrix_layout, char fact, char trans,
lapack_int LAPACKE_zgbsvx_work( int matrix_layout, char fact, char trans,
lapack_int LAPACKE_sgbsvxx_work( int matrix_layout, char fact, char trans,
lapack_int LAPACKE_dgbsvxx_work( int matrix_layout, char fact, char trans,
lapack_int LAPACKE_cgbsvxx_work( int matrix_layout, char fact, char trans,
lapack_int LAPACKE_zgbsvxx_work( int matrix_layout, char fact, char trans,
lapack_int LAPACKE_sgbtrf_work( int matrix_layout, lapack_int m, lapack_int n,
lapack_int LAPACKE_dgbtrf_work( int matrix_layout, lapack_int m, lapack_int n,
lapack_int LAPACKE_cgbtrf_work( int matrix_layout, lapack_int m, lapack_int n,
lapack_int LAPACKE_zgbtrf_work( int matrix_layout, lapack_int m, lapack_int n,
lapack_int LAPACKE_sgbtrs_work( int matrix_layout, char trans, lapack_int n,
lapack_int LAPACKE_dgbtrs_work( int matrix_layout, char trans, lapack_int n,
lapack_int LAPACKE_cgbtrs_work( int matrix_layout, char trans, lapack_int n,
lapack_int LAPACKE_zgbtrs_work( int matrix_layout, char trans, lapack_int n,
lapack_int LAPACKE_sgebak_work( int matrix_layout, char job, char side,
lapack_int LAPACKE_dgebak_work( int matrix_layout, char job, char side,
lapack_int LAPACKE_cgebak_work( int matrix_layout, char job, char side,
lapack_int LAPACKE_zgebak_work( int matrix_layout, char job, char side,
lapack_int LAPACKE_sgebal_work( int matrix_layout, char job, lapack_int n,
lapack_int LAPACKE_dgebal_work( int matrix_layout, char job, lapack_int n,
lapack_int LAPACKE_cgebal_work( int matrix_layout, char job, lapack_int n,
lapack_int LAPACKE_zgebal_work( int matrix_layout, char job, lapack_int n,
lapack_int LAPACKE_sgebrd_work( int matrix_layout, lapack_int m, lapack_int n,
lapack_int LAPACKE_dgebrd_work( int matrix_layout, lapack_int m, lapack_int n,
lapack_int LAPACKE_cgebrd_work( int matrix_layout, lapack_int m, lapack_int n,
lapack_int LAPACKE_zgebrd_work( int matrix_layout, lapack_int m, lapack_int n,
lapack_int LAPACKE_sgecon_work( int matrix_layout, char norm, lapack_int n,
lapack_int LAPACKE_dgecon_work( int matrix_layout, char norm, lapack_int n,
lapack_int LAPACKE_cgecon_work( int matrix_layout, char norm, lapack_int n,
lapack_int LAPACKE_zgecon_work( int matrix_layout, char norm, lapack_int n,
lapack_int LAPACKE_sgeequ_work( int matrix_layout, lapack_int m, lapack_int n,
lapack_int LAPACKE_dgeequ_work( int matrix_layout, lapack_int m, lapack_int n,
lapack_int LAPACKE_cgeequ_work( int matrix_layout, lapack_int m, lapack_int n,
lapack_int LAPACKE_zgeequ_work( int matrix_layout, lapack_int m, lapack_int n,
lapack_int LAPACKE_sgeequb_work( int matrix_layout, lapack_int m, lapack_int n,
lapack_int LAPACKE_dgeequb_work( int matrix_layout, lapack_int m, lapack_int n,
lapack_int LAPACKE_cgeequb_work( int matrix_layout, lapack_int m, lapack_int n,
lapack_int LAPACKE_zgeequb_work( int matrix_layout, lapack_int m, lapack_int n,
lapack_int LAPACKE_sgees_work( int matrix_layout, char jobvs, char sort,
lapack_int LAPACKE_dgees_work( int matrix_layout, char jobvs, char sort,
lapack_int LAPACKE_cgees_work( int matrix_layout, char jobvs, char sort,
lapack_int LAPACKE_zgees_work( int matrix_layout, char jobvs, char sort,
lapack_int LAPACKE_sgeesx_work( int matrix_layout, char jobvs, char sort,
lapack_int LAPACKE_dgeesx_work( int matrix_layout, char jobvs, char sort,
lapack_int LAPACKE_cgeesx_work( int matrix_layout, char jobvs, char sort,
lapack_int LAPACKE_zgeesx_work( int matrix_layout, char jobvs, char sort,
lapack_int LAPACKE_sgeev_work( int matrix_layout, char jobvl, char jobvr,
lapack_int LAPACKE_dgeev_work( int matrix_layout, char jobvl, char jobvr,
lapack_int LAPACKE_cgeev_work( int matrix_layout, char jobvl, char jobvr,
lapack_int LAPACKE_zgeev_work( int matrix_layout, char jobvl, char jobvr,
lapack_int LAPACKE_sgeevx_work( int matrix_layout, char balanc, char jobvl,
lapack_int LAPACKE_dgeevx_work( int matrix_layout, char balanc, char jobvl,
lapack_int LAPACKE_cgeevx_work( int matrix_layout, char balanc, char jobvl,
lapack_int LAPACKE_zgeevx_work( int matrix_layout, char balanc, char jobvl,
lapack_int LAPACKE_sgehrd_work( int matrix_layout, lapack_int n, lapack_int ilo,
lapack_int LAPACKE_dgehrd_work( int matrix_layout, lapack_int n, lapack_int ilo,
lapack_int LAPACKE_cgehrd_work( int matrix_layout, lapack_int n, lapack_int ilo,
lapack_int LAPACKE_zgehrd_work( int matrix_layout, lapack_int n, lapack_int ilo,
lapack_int LAPACKE_sgejsv_work( int matrix_layout, char joba, char jobu,
lapack_int LAPACKE_dgejsv_work( int matrix_layout, char joba, char jobu,
lapack_int LAPACKE_cgejsv_work( int matrix_layout, char joba, char jobu,
lapack_int LAPACKE_zgejsv_work( int matrix_layout, char joba, char jobu,
lapack_int LAPACKE_sgelq2_work( int matrix_layout, lapack_int m, lapack_int n,
lapack_int LAPACKE_dgelq2_work( int matrix_layout, lapack_int m, lapack_int n,
lapack_int LAPACKE_cgelq2_work( int matrix_layout, lapack_int m, lapack_int n,
lapack_int LAPACKE_zgelq2_work( int matrix_layout, lapack_int m, lapack_int n,
lapack_int LAPACKE_sgelqf_work( int matrix_layout, lapack_int m, lapack_int n,
lapack_int LAPACKE_dgelqf_work( int matrix_layout, lapack_int m, lapack_int n,
lapack_int LAPACKE_cgelqf_work( int matrix_layout, lapack_int m, lapack_int n,
lapack_int LAPACKE_zgelqf_work( int matrix_layout, lapack_int m, lapack_int n,
lapack_int LAPACKE_sgels_work( int matrix_layout, char trans, lapack_int m,
lapack_int LAPACKE_dgels_work( int matrix_layout, char trans, lapack_int m,
lapack_int LAPACKE_cgels_work( int matrix_layout, char trans, lapack_int m,
lapack_int LAPACKE_zgels_work( int matrix_layout, char trans, lapack_int m,
lapack_int LAPACKE_sgelsd_work( int matrix_layout, lapack_int m, lapack_int n,
lapack_int LAPACKE_dgelsd_work( int matrix_layout, lapack_int m, lapack_int n,
lapack_int LAPACKE_cgelsd_work( int matrix_layout, lapack_int m, lapack_int n,
lapack_int LAPACKE_zgelsd_work( int matrix_layout, lapack_int m, lapack_int n,
lapack_int LAPACKE_sgelss_work( int matrix_layout, lapack_int m, lapack_int n,
lapack_int LAPACKE_dgelss_work( int matrix_layout, lapack_int m, lapack_int n,
lapack_int LAPACKE_cgelss_work( int matrix_layout, lapack_int m, lapack_int n,
lapack_int LAPACKE_zgelss_work( int matrix_layout, lapack_int m, lapack_int n,
lapack_int LAPACKE_sgelsy_work( int matrix_layout, lapack_int m, lapack_int n,
lapack_int LAPACKE_dgelsy_work( int matrix_layout, lapack_int m, lapack_int n,
lapack_int LAPACKE_cgelsy_work( int matrix_layout, lapack_int m, lapack_int n,
lapack_int LAPACKE_zgelsy_work( int matrix_layout, lapack_int m, lapack_int n,
lapack_int LAPACKE_sgeqlf_work( int matrix_layout, lapack_int m, lapack_int n,
lapack_int LAPACKE_dgeqlf_work( int matrix_layout, lapack_int m, lapack_int n,
lapack_int LAPACKE_cgeqlf_work( int matrix_layout, lapack_int m, lapack_int n,
lapack_int LAPACKE_zgeqlf_work( int matrix_layout, lapack_int m, lapack_int n,
lapack_int LAPACKE_sgeqp3_work( int matrix_layout, lapack_int m, lapack_int n,
lapack_int LAPACKE_dgeqp3_work( int matrix_layout, lapack_int m, lapack_int n,
lapack_int LAPACKE_cgeqp3_work( int matrix_layout, lapack_int m, lapack_int n,
lapack_int LAPACKE_zgeqp3_work( int matrix_layout, lapack_int m, lapack_int n,
lapack_int LAPACKE_sgeqpf_work( int matrix_layout, lapack_int m, lapack_int n,
lapack_int LAPACKE_dgeqpf_work( int matrix_layout, lapack_int m, lapack_int n,
lapack_int LAPACKE_cgeqpf_work( int matrix_layout, lapack_int m, lapack_int n,
lapack_int LAPACKE_zgeqpf_work( int matrix_layout, lapack_int m, lapack_int n,
lapack_int LAPACKE_sgeqr2_work( int matrix_layout, lapack_int m, lapack_int n,
lapack_int LAPACKE_dgeqr2_work( int matrix_layout, lapack_int m, lapack_int n,
lapack_int LAPACKE_cgeqr2_work( int matrix_layout, lapack_int m, lapack_int n,
lapack_int LAPACKE_zgeqr2_work( int matrix_layout, lapack_int m, lapack_int n,
lapack_int LAPACKE_sgeqrf_work( int matrix_layout, lapack_int m, lapack_int n,
lapack_int LAPACKE_dgeqrf_work( int matrix_layout, lapack_int m, lapack_int n,
lapack_int LAPACKE_cgeqrf_work( int matrix_layout, lapack_int m, lapack_int n,
lapack_int LAPACKE_zgeqrf_work( int matrix_layout, lapack_int m, lapack_int n,
lapack_int LAPACKE_sgeqrfp_work( int matrix_layout, lapack_int m, lapack_int n,
lapack_int LAPACKE_dgeqrfp_work( int matrix_layout, lapack_int m, lapack_int n,
lapack_int LAPACKE_cgeqrfp_work( int matrix_layout, lapack_int m, lapack_int n,
lapack_int LAPACKE_zgeqrfp_work( int matrix_layout, lapack_int m, lapack_int n,
lapack_int LAPACKE_sgerfs_work( int matrix_layout, char trans, lapack_int n,
lapack_int LAPACKE_dgerfs_work( int matrix_layout, char trans, lapack_int n,
lapack_int LAPACKE_cgerfs_work( int matrix_layout, char trans, lapack_int n,
lapack_int LAPACKE_zgerfs_work( int matrix_layout, char trans, lapack_int n,
lapack_int LAPACKE_sgerfsx_work( int matrix_layout, char trans, char equed,
lapack_int LAPACKE_dgerfsx_work( int matrix_layout, char trans, char equed,
lapack_int LAPACKE_cgerfsx_work( int matrix_layout, char trans, char equed,
lapack_int LAPACKE_zgerfsx_work( int matrix_layout, char trans, char equed,
lapack_int LAPACKE_sgerqf_work( int matrix_layout, lapack_int m, lapack_int n,
lapack_int LAPACKE_dgerqf_work( int matrix_layout, lapack_int m, lapack_int n,
lapack_int LAPACKE_cgerqf_work( int matrix_layout, lapack_int m, lapack_int n,
lapack_int LAPACKE_zgerqf_work( int matrix_layout, lapack_int m, lapack_int n,
lapack_int LAPACKE_sgesdd_work( int matrix_layout, char jobz, lapack_int m,
lapack_int LAPACKE_dgesdd_work( int matrix_layout, char jobz, lapack_int m,
lapack_int LAPACKE_cgesdd_work( int matrix_layout, char jobz, lapack_int m,
lapack_int LAPACKE_zgesdd_work( int matrix_layout, char jobz, lapack_int m,
lapack_int LAPACKE_sgesv_work( int matrix_layout, lapack_int n, lapack_int nrhs,
lapack_int LAPACKE_dgesv_work( int matrix_layout, lapack_int n, lapack_int nrhs,
lapack_int LAPACKE_cgesv_work( int matrix_layout, lapack_int n, lapack_int nrhs,
lapack_int LAPACKE_zgesv_work( int matrix_layout, lapack_int n, lapack_int nrhs,
lapack_int LAPACKE_dsgesv_work( int matrix_layout, lapack_int n, lapack_int nrhs,
lapack_int LAPACKE_zcgesv_work( int matrix_layout, lapack_int n, lapack_int nrhs,
lapack_int LAPACKE_sgesvd_work( int matrix_layout, char jobu, char jobvt,
lapack_int LAPACKE_dgesvd_work( int matrix_layout, char jobu, char jobvt,
lapack_int LAPACKE_cgesvd_work( int matrix_layout, char jobu, char jobvt,
lapack_int LAPACKE_zgesvd_work( int matrix_layout, char jobu, char jobvt,
lapack_int LAPACKE_sgesvdx_work( int matrix_layout, char jobu, char jobvt, char range,
lapack_int LAPACKE_dgesvdx_work( int matrix_layout, char jobu, char jobvt, char range,
lapack_int LAPACKE_cgesvdx_work( int matrix_layout, char jobu, char jobvt, char range,
lapack_int LAPACKE_zgesvdx_work( int matrix_layout, char jobu, char jobvt, char range,
lapack_int LAPACKE_sgesvdq_work( int matrix_layout, char joba, char jobp,
lapack_int LAPACKE_dgesvdq_work( int matrix_layout, char joba, char jobp,
lapack_int LAPACKE_cgesvdq_work( int matrix_layout, char joba, char jobp,
lapack_int LAPACKE_zgesvdq_work( int matrix_layout, char joba, char jobp,
lapack_int LAPACKE_sgesvj_work( int matrix_layout, char joba, char jobu,
lapack_int LAPACKE_dgesvj_work( int matrix_layout, char joba, char jobu,
lapack_int LAPACKE_cgesvj_work( int matrix_layout, char joba, char jobu,
lapack_int LAPACKE_zgesvj_work( int matrix_layout, char joba, char jobu,
lapack_int LAPACKE_sgesvx_work( int matrix_layout, char fact, char trans,
lapack_int LAPACKE_dgesvx_work( int matrix_layout, char fact, char trans,
lapack_int LAPACKE_cgesvx_work( int matrix_layout, char fact, char trans,
lapack_int LAPACKE_zgesvx_work( int matrix_layout, char fact, char trans,
lapack_int LAPACKE_sgesvxx_work( int matrix_layout, char fact, char trans,
lapack_int LAPACKE_dgesvxx_work( int matrix_layout, char fact, char trans,
lapack_int LAPACKE_cgesvxx_work( int matrix_layout, char fact, char trans,
lapack_int LAPACKE_zgesvxx_work( int matrix_layout, char fact, char trans,
lapack_int LAPACKE_sgetf2_work( int matrix_layout, lapack_int m, lapack_int n,
lapack_int LAPACKE_dgetf2_work( int matrix_layout, lapack_int m, lapack_int n,
lapack_int LAPACKE_cgetf2_work( int matrix_layout, lapack_int m, lapack_int n,
lapack_int LAPACKE_zgetf2_work( int matrix_layout, lapack_int m, lapack_int n,
lapack_int LAPACKE_sgetrf_work( int matrix_layout, lapack_int m, lapack_int n,
lapack_int LAPACKE_dgetrf_work( int matrix_layout, lapack_int m, lapack_int n,
lapack_int LAPACKE_cgetrf_work( int matrix_layout, lapack_int m, lapack_int n,
lapack_int LAPACKE_zgetrf_work( int matrix_layout, lapack_int m, lapack_int n,
lapack_int LAPACKE_sgetrf2_work( int matrix_layout, lapack_int m, lapack_int n,
lapack_int LAPACKE_dgetrf2_work( int matrix_layout, lapack_int m, lapack_int n,
lapack_int LAPACKE_cgetrf2_work( int matrix_layout, lapack_int m, lapack_int n,
lapack_int LAPACKE_zgetrf2_work( int matrix_layout, lapack_int m, lapack_int n,
lapack_int LAPACKE_sgetri_work( int matrix_layout, lapack_int n, float* a,
lapack_int LAPACKE_dgetri_work( int matrix_layout, lapack_int n, double* a,
lapack_int LAPACKE_cgetri_work( int matrix_layout, lapack_int n,
lapack_int LAPACKE_zgetri_work( int matrix_layout, lapack_int n,
lapack_int LAPACKE_sgetrs_work( int matrix_layout, char trans, lapack_int n,
lapack_int LAPACKE_dgetrs_work( int matrix_layout, char trans, lapack_int n,
lapack_int LAPACKE_cgetrs_work( int matrix_layout, char trans, lapack_int n,
lapack_int LAPACKE_zgetrs_work( int matrix_layout, char trans, lapack_int n,
lapack_int LAPACKE_sggbak_work( int matrix_layout, char job, char side,
lapack_int LAPACKE_dggbak_work( int matrix_layout, char job, char side,
lapack_int LAPACKE_cggbak_work( int matrix_layout, char job, char side,
lapack_int LAPACKE_zggbak_work( int matrix_layout, char job, char side,
lapack_int LAPACKE_sggbal_work( int matrix_layout, char job, lapack_int n,
lapack_int LAPACKE_dggbal_work( int matrix_layout, char job, lapack_int n,
lapack_int LAPACKE_cggbal_work( int matrix_layout, char job, lapack_int n,
lapack_int LAPACKE_zggbal_work( int matrix_layout, char job, lapack_int n,
lapack_int LAPACKE_sgges_work( int matrix_layout, char jobvsl, char jobvsr,
lapack_int LAPACKE_dgges_work( int matrix_layout, char jobvsl, char jobvsr,
lapack_int LAPACKE_cgges_work( int matrix_layout, char jobvsl, char jobvsr,
lapack_int LAPACKE_zgges_work( int matrix_layout, char jobvsl, char jobvsr,
lapack_int LAPACKE_sgges3_work( int matrix_layout, char jobvsl, char jobvsr,
lapack_int LAPACKE_dgges3_work( int matrix_layout, char jobvsl, char jobvsr,
lapack_int LAPACKE_cgges3_work( int matrix_layout, char jobvsl, char jobvsr,
lapack_int LAPACKE_zgges3_work( int matrix_layout, char jobvsl, char jobvsr,
lapack_int LAPACKE_sggesx_work( int matrix_layout, char jobvsl, char jobvsr,
lapack_int LAPACKE_dggesx_work( int matrix_layout, char jobvsl, char jobvsr,
lapack_int LAPACKE_cggesx_work( int matrix_layout, char jobvsl, char jobvsr,
lapack_int LAPACKE_zggesx_work( int matrix_layout, char jobvsl, char jobvsr,
lapack_int LAPACKE_sggev_work( int matrix_layout, char jobvl, char jobvr,
lapack_int LAPACKE_dggev_work( int matrix_layout, char jobvl, char jobvr,
lapack_int LAPACKE_cggev_work( int matrix_layout, char jobvl, char jobvr,
lapack_int LAPACKE_zggev_work( int matrix_layout, char jobvl, char jobvr,
lapack_int LAPACKE_sggev3_work( int matrix_layout, char jobvl, char jobvr,
lapack_int LAPACKE_dggev3_work( int matrix_layout, char jobvl, char jobvr,
lapack_int LAPACKE_cggev3_work( int matrix_layout, char jobvl, char jobvr,
lapack_int LAPACKE_zggev3_work( int matrix_layout, char jobvl, char jobvr,
lapack_int LAPACKE_sggevx_work( int matrix_layout, char balanc, char jobvl,
lapack_int LAPACKE_dggevx_work( int matrix_layout, char balanc, char jobvl,
lapack_int LAPACKE_cggevx_work( int matrix_layout, char balanc, char jobvl,
lapack_int LAPACKE_zggevx_work( int matrix_layout, char balanc, char jobvl,
lapack_int LAPACKE_sggglm_work( int matrix_layout, lapack_int n, lapack_int m,
lapack_int LAPACKE_dggglm_work( int matrix_layout, lapack_int n, lapack_int m,
lapack_int LAPACKE_cggglm_work( int matrix_layout, lapack_int n, lapack_int m,
lapack_int LAPACKE_zggglm_work( int matrix_layout, lapack_int n, lapack_int m,
lapack_int LAPACKE_sgghrd_work( int matrix_layout, char compq, char compz,
lapack_int LAPACKE_dgghrd_work( int matrix_layout, char compq, char compz,
lapack_int LAPACKE_cgghrd_work( int matrix_layout, char compq, char compz,
lapack_int LAPACKE_zgghrd_work( int matrix_layout, char compq, char compz,
lapack_int LAPACKE_sgghd3_work( int matrix_layout, char compq, char compz,
lapack_int LAPACKE_dgghd3_work( int matrix_layout, char compq, char compz,
lapack_int LAPACKE_cgghd3_work( int matrix_layout, char compq, char compz,
lapack_int LAPACKE_zgghd3_work( int matrix_layout, char compq, char compz,
lapack_int LAPACKE_sgglse_work( int matrix_layout, lapack_int m, lapack_int n,
lapack_int LAPACKE_dgglse_work( int matrix_layout, lapack_int m, lapack_int n,
lapack_int LAPACKE_cgglse_work( int matrix_layout, lapack_int m, lapack_int n,
lapack_int LAPACKE_zgglse_work( int matrix_layout, lapack_int m, lapack_int n,
lapack_int LAPACKE_sggqrf_work( int matrix_layout, lapack_int n, lapack_int m,
lapack_int LAPACKE_dggqrf_work( int matrix_layout, lapack_int n, lapack_int m,
lapack_int LAPACKE_cggqrf_work( int matrix_layout, lapack_int n, lapack_int m,
lapack_int LAPACKE_zggqrf_work( int matrix_layout, lapack_int n, lapack_int m,
lapack_int LAPACKE_sggrqf_work( int matrix_layout, lapack_int m, lapack_int p,
lapack_int LAPACKE_dggrqf_work( int matrix_layout, lapack_int m, lapack_int p,
lapack_int LAPACKE_cggrqf_work( int matrix_layout, lapack_int m, lapack_int p,
lapack_int LAPACKE_zggrqf_work( int matrix_layout, lapack_int m, lapack_int p,
lapack_int LAPACKE_sggsvd_work( int matrix_layout, char jobu, char jobv,
lapack_int LAPACKE_dggsvd_work( int matrix_layout, char jobu, char jobv,
lapack_int LAPACKE_cggsvd_work( int matrix_layout, char jobu, char jobv,
lapack_int LAPACKE_zggsvd_work( int matrix_layout, char jobu, char jobv,
lapack_int LAPACKE_sggsvd3_work( int matrix_layout, char jobu, char jobv,
lapack_int LAPACKE_dggsvd3_work( int matrix_layout, char jobu, char jobv,
lapack_int LAPACKE_cggsvd3_work( int matrix_layout, char jobu, char jobv,
lapack_int LAPACKE_zggsvd3_work( int matrix_layout, char jobu, char jobv,
lapack_int LAPACKE_sggsvp_work( int matrix_layout, char jobu, char jobv,
lapack_int LAPACKE_dggsvp_work( int matrix_layout, char jobu, char jobv,
lapack_int LAPACKE_cggsvp_work( int matrix_layout, char jobu, char jobv,
lapack_int LAPACKE_zggsvp_work( int matrix_layout, char jobu, char jobv,
lapack_int LAPACKE_sggsvp3_work( int matrix_layout, char jobu, char jobv,
lapack_int LAPACKE_dggsvp3_work( int matrix_layout, char jobu, char jobv,
lapack_int LAPACKE_cggsvp3_work( int matrix_layout, char jobu, char jobv,
lapack_int LAPACKE_zggsvp3_work( int matrix_layout, char jobu, char jobv,
lapack_int LAPACKE_sgtcon_work( char norm, lapack_int n, const float* dl,
lapack_int LAPACKE_dgtcon_work( char norm, lapack_int n, const double* dl,
lapack_int LAPACKE_cgtcon_work( char norm, lapack_int n,
lapack_int LAPACKE_zgtcon_work( char norm, lapack_int n,
lapack_int LAPACKE_sgtrfs_work( int matrix_layout, char trans, lapack_int n,
lapack_int LAPACKE_dgtrfs_work( int matrix_layout, char trans, lapack_int n,
lapack_int LAPACKE_cgtrfs_work( int matrix_layout, char trans, lapack_int n,
lapack_int LAPACKE_zgtrfs_work( int matrix_layout, char trans, lapack_int n,
lapack_int LAPACKE_sgtsv_work( int matrix_layout, lapack_int n, lapack_int nrhs,
lapack_int LAPACKE_dgtsv_work( int matrix_layout, lapack_int n, lapack_int nrhs,
lapack_int LAPACKE_cgtsv_work( int matrix_layout, lapack_int n, lapack_int nrhs,
lapack_int LAPACKE_zgtsv_work( int matrix_layout, lapack_int n, lapack_int nrhs,
lapack_int LAPACKE_sgtsvx_work( int matrix_layout, char fact, char trans,
lapack_int LAPACKE_dgtsvx_work( int matrix_layout, char fact, char trans,
lapack_int LAPACKE_cgtsvx_work( int matrix_layout, char fact, char trans,
lapack_int LAPACKE_zgtsvx_work( int matrix_layout, char fact, char trans,
lapack_int LAPACKE_sgttrf_work( lapack_int n, float* dl, float* d, float* du,
lapack_int LAPACKE_dgttrf_work( lapack_int n, double* dl, double* d, double* du,
lapack_int LAPACKE_cgttrf_work( lapack_int n, lapack_complex_float* dl,
lapack_int LAPACKE_zgttrf_work( lapack_int n, lapack_complex_double* dl,
lapack_int LAPACKE_sgttrs_work( int matrix_layout, char trans, lapack_int n,
lapack_int LAPACKE_dgttrs_work( int matrix_layout, char trans, lapack_int n,
lapack_int LAPACKE_cgttrs_work( int matrix_layout, char trans, lapack_int n,
lapack_int LAPACKE_zgttrs_work( int matrix_layout, char trans, lapack_int n,
lapack_int LAPACKE_chbev_work( int matrix_layout, char jobz, char uplo,
lapack_int LAPACKE_zhbev_work( int matrix_layout, char jobz, char uplo,
lapack_int LAPACKE_chbevd_work( int matrix_layout, char jobz, char uplo,
lapack_int LAPACKE_zhbevd_work( int matrix_layout, char jobz, char uplo,
lapack_int LAPACKE_chbevx_work( int matrix_layout, char jobz, char range,
lapack_int LAPACKE_zhbevx_work( int matrix_layout, char jobz, char range,
lapack_int LAPACKE_chbgst_work( int matrix_layout, char vect, char uplo,
lapack_int LAPACKE_zhbgst_work( int matrix_layout, char vect, char uplo,
lapack_int LAPACKE_chbgv_work( int matrix_layout, char jobz, char uplo,
lapack_int LAPACKE_zhbgv_work( int matrix_layout, char jobz, char uplo,
lapack_int LAPACKE_chbgvd_work( int matrix_layout, char jobz, char uplo,
lapack_int LAPACKE_zhbgvd_work( int matrix_layout, char jobz, char uplo,
lapack_int LAPACKE_chbgvx_work( int matrix_layout, char jobz, char range,
lapack_int LAPACKE_zhbgvx_work( int matrix_layout, char jobz, char range,
lapack_int LAPACKE_chbtrd_work( int matrix_layout, char vect, char uplo,
lapack_int LAPACKE_zhbtrd_work( int matrix_layout, char vect, char uplo,
lapack_int LAPACKE_checon_work( int matrix_layout, char uplo, lapack_int n,
lapack_int LAPACKE_zhecon_work( int matrix_layout, char uplo, lapack_int n,
lapack_int LAPACKE_cheequb_work( int matrix_layout, char uplo, lapack_int n,
lapack_int LAPACKE_zheequb_work( int matrix_layout, char uplo, lapack_int n,
lapack_int LAPACKE_cheev_work( int matrix_layout, char jobz, char uplo,
lapack_int LAPACKE_zheev_work( int matrix_layout, char jobz, char uplo,
lapack_int LAPACKE_cheevd_work( int matrix_layout, char jobz, char uplo,
lapack_int LAPACKE_zheevd_work( int matrix_layout, char jobz, char uplo,
lapack_int LAPACKE_cheevr_work( int matrix_layout, char jobz, char range,
lapack_int LAPACKE_zheevr_work( int matrix_layout, char jobz, char range,
lapack_int LAPACKE_cheevx_work( int matrix_layout, char jobz, char range,
lapack_int LAPACKE_zheevx_work( int matrix_layout, char jobz, char range,
lapack_int LAPACKE_chegst_work( int matrix_layout, lapack_int itype, char uplo,
lapack_int LAPACKE_zhegst_work( int matrix_layout, lapack_int itype, char uplo,
lapack_int LAPACKE_chegv_work( int matrix_layout, lapack_int itype, char jobz,
lapack_int LAPACKE_zhegv_work( int matrix_layout, lapack_int itype, char jobz,
lapack_int LAPACKE_chegvd_work( int matrix_layout, lapack_int itype, char jobz,
lapack_int LAPACKE_zhegvd_work( int matrix_layout, lapack_int itype, char jobz,
lapack_int LAPACKE_chegvx_work( int matrix_layout, lapack_int itype, char jobz,
lapack_int LAPACKE_zhegvx_work( int matrix_layout, lapack_int itype, char jobz,
lapack_int LAPACKE_cherfs_work( int matrix_layout, char uplo, lapack_int n,
lapack_int LAPACKE_zherfs_work( int matrix_layout, char uplo, lapack_int n,
lapack_int LAPACKE_cherfsx_work( int matrix_layout, char uplo, char equed,
lapack_int LAPACKE_zherfsx_work( int matrix_layout, char uplo, char equed,
lapack_int LAPACKE_chesv_work( int matrix_layout, char uplo, lapack_int n,
lapack_int LAPACKE_zhesv_work( int matrix_layout, char uplo, lapack_int n,
lapack_int LAPACKE_chesvx_work( int matrix_layout, char fact, char uplo,
lapack_int LAPACKE_zhesvx_work( int matrix_layout, char fact, char uplo,
lapack_int LAPACKE_chesvxx_work( int matrix_layout, char fact, char uplo,
lapack_int LAPACKE_zhesvxx_work( int matrix_layout, char fact, char uplo,
lapack_int LAPACKE_chetrd_work( int matrix_layout, char uplo, lapack_int n,
lapack_int LAPACKE_zhetrd_work( int matrix_layout, char uplo, lapack_int n,
lapack_int LAPACKE_chetrf_work( int matrix_layout, char uplo, lapack_int n,
lapack_int LAPACKE_zhetrf_work( int matrix_layout, char uplo, lapack_int n,
lapack_int LAPACKE_chetri_work( int matrix_layout, char uplo, lapack_int n,
lapack_int LAPACKE_zhetri_work( int matrix_layout, char uplo, lapack_int n,
lapack_int LAPACKE_chetrs_work( int matrix_layout, char uplo, lapack_int n,
lapack_int LAPACKE_zhetrs_work( int matrix_layout, char uplo, lapack_int n,
lapack_int LAPACKE_chfrk_work( int matrix_layout, char transr, char uplo,
lapack_int LAPACKE_zhfrk_work( int matrix_layout, char transr, char uplo,
lapack_int LAPACKE_shgeqz_work( int matrix_layout, char job, char compq,
lapack_int LAPACKE_dhgeqz_work( int matrix_layout, char job, char compq,
lapack_int LAPACKE_chgeqz_work( int matrix_layout, char job, char compq,
lapack_int LAPACKE_zhgeqz_work( int matrix_layout, char job, char compq,
lapack_int LAPACKE_chpcon_work( int matrix_layout, char uplo, lapack_int n,
lapack_int LAPACKE_zhpcon_work( int matrix_layout, char uplo, lapack_int n,
lapack_int LAPACKE_chpev_work( int matrix_layout, char jobz, char uplo,
lapack_int LAPACKE_zhpev_work( int matrix_layout, char jobz, char uplo,
lapack_int LAPACKE_chpevd_work( int matrix_layout, char jobz, char uplo,
lapack_int LAPACKE_zhpevd_work( int matrix_layout, char jobz, char uplo,
lapack_int LAPACKE_chpevx_work( int matrix_layout, char jobz, char range,
lapack_int LAPACKE_zhpevx_work( int matrix_layout, char jobz, char range,
lapack_int LAPACKE_chpgst_work( int matrix_layout, lapack_int itype, char uplo,
lapack_int LAPACKE_zhpgst_work( int matrix_layout, lapack_int itype, char uplo,
lapack_int LAPACKE_chpgv_work( int matrix_layout, lapack_int itype, char jobz,
lapack_int LAPACKE_zhpgv_work( int matrix_layout, lapack_int itype, char jobz,
lapack_int LAPACKE_chpgvd_work( int matrix_layout, lapack_int itype, char jobz,
lapack_int LAPACKE_zhpgvd_work( int matrix_layout, lapack_int itype, char jobz,
lapack_int LAPACKE_chpgvx_work( int matrix_layout, lapack_int itype, char jobz,
lapack_int LAPACKE_zhpgvx_work( int matrix_layout, lapack_int itype, char jobz,
lapack_int LAPACKE_chprfs_work( int matrix_layout, char uplo, lapack_int n,
lapack_int LAPACKE_zhprfs_work( int matrix_layout, char uplo, lapack_int n,
lapack_int LAPACKE_chpsv_work( int matrix_layout, char uplo, lapack_int n,
lapack_int LAPACKE_zhpsv_work( int matrix_layout, char uplo, lapack_int n,
lapack_int LAPACKE_chpsvx_work( int matrix_layout, char fact, char uplo,
lapack_int LAPACKE_zhpsvx_work( int matrix_layout, char fact, char uplo,
lapack_int LAPACKE_chptrd_work( int matrix_layout, char uplo, lapack_int n,
lapack_int LAPACKE_zhptrd_work( int matrix_layout, char uplo, lapack_int n,
lapack_int LAPACKE_chptrf_work( int matrix_layout, char uplo, lapack_int n,
lapack_int LAPACKE_zhptrf_work( int matrix_layout, char uplo, lapack_int n,
lapack_int LAPACKE_chptri_work( int matrix_layout, char uplo, lapack_int n,
lapack_int LAPACKE_zhptri_work( int matrix_layout, char uplo, lapack_int n,
lapack_int LAPACKE_chptrs_work( int matrix_layout, char uplo, lapack_int n,
lapack_int LAPACKE_zhptrs_work( int matrix_layout, char uplo, lapack_int n,
lapack_int LAPACKE_shsein_work( int matrix_layout, char job, char eigsrc,
lapack_int LAPACKE_dhsein_work( int matrix_layout, char job, char eigsrc,
lapack_int LAPACKE_chsein_work( int matrix_layout, char job, char eigsrc,
lapack_int LAPACKE_zhsein_work( int matrix_layout, char job, char eigsrc,
lapack_int LAPACKE_shseqr_work( int matrix_layout, char job, char compz,
lapack_int LAPACKE_dhseqr_work( int matrix_layout, char job, char compz,
lapack_int LAPACKE_chseqr_work( int matrix_layout, char job, char compz,
lapack_int LAPACKE_zhseqr_work( int matrix_layout, char job, char compz,
lapack_int LAPACKE_clacgv_work( lapack_int n, lapack_complex_float* x,
lapack_int LAPACKE_zlacgv_work( lapack_int n, lapack_complex_double* x,
lapack_int LAPACKE_slacn2_work( lapack_int n, float* v, float* x,
lapack_int LAPACKE_dlacn2_work( lapack_int n, double* v, double* x,
lapack_int LAPACKE_clacn2_work( lapack_int n, lapack_complex_float* v,
lapack_int LAPACKE_zlacn2_work( lapack_int n, lapack_complex_double* v,
lapack_int LAPACKE_slacpy_work( int matrix_layout, char uplo, lapack_int m,
lapack_int LAPACKE_dlacpy_work( int matrix_layout, char uplo, lapack_int m,
lapack_int LAPACKE_clacpy_work( int matrix_layout, char uplo, lapack_int m,
lapack_int LAPACKE_zlacpy_work( int matrix_layout, char uplo, lapack_int m,
lapack_int LAPACKE_clacp2_work( int matrix_layout, char uplo, lapack_int m,
lapack_int LAPACKE_zlacp2_work( int matrix_layout, char uplo, lapack_int m,
lapack_int LAPACKE_zlag2c_work( int matrix_layout, lapack_int m, lapack_int n,
lapack_int LAPACKE_slag2d_work( int matrix_layout, lapack_int m, lapack_int n,
lapack_int LAPACKE_dlag2s_work( int matrix_layout, lapack_int m, lapack_int n,
lapack_int LAPACKE_clag2z_work( int matrix_layout, lapack_int m, lapack_int n,
lapack_int LAPACKE_slagge_work( int matrix_layout, lapack_int m, lapack_int n,
lapack_int LAPACKE_dlagge_work( int matrix_layout, lapack_int m, lapack_int n,
lapack_int LAPACKE_clagge_work( int matrix_layout, lapack_int m, lapack_int n,
lapack_int LAPACKE_zlagge_work( int matrix_layout, lapack_int m, lapack_int n,
lapack_int LAPACKE_claghe_work( int matrix_layout, lapack_int n, lapack_int k,
lapack_int LAPACKE_zlaghe_work( int matrix_layout, lapack_int n, lapack_int k,
lapack_int LAPACKE_slagsy_work( int matrix_layout, lapack_int n, lapack_int k,
lapack_int LAPACKE_dlagsy_work( int matrix_layout, lapack_int n, lapack_int k,
lapack_int LAPACKE_clagsy_work( int matrix_layout, lapack_int n, lapack_int k,
lapack_int LAPACKE_zlagsy_work( int matrix_layout, lapack_int n, lapack_int k,
lapack_int LAPACKE_slapmr_work( int matrix_layout, lapack_logical forwrd,
lapack_int LAPACKE_dlapmr_work( int matrix_layout, lapack_logical forwrd,
lapack_int LAPACKE_clapmr_work( int matrix_layout, lapack_logical forwrd,
lapack_int LAPACKE_zlapmr_work( int matrix_layout, lapack_logical forwrd,
lapack_int LAPACKE_slapmt_work( int matrix_layout, lapack_logical forwrd,
lapack_int LAPACKE_dlapmt_work( int matrix_layout, lapack_logical forwrd,
lapack_int LAPACKE_clapmt_work( int matrix_layout, lapack_logical forwrd,
lapack_int LAPACKE_zlapmt_work( int matrix_layout, lapack_logical forwrd,
lapack_int LAPACKE_slartgp_work( float f, float g, float* cs, float* sn,
lapack_int LAPACKE_dlartgp_work( double f, double g, double* cs, double* sn,
lapack_int LAPACKE_slartgs_work( float x, float y, float sigma, float* cs,
lapack_int LAPACKE_dlartgs_work( double x, double y, double sigma, double* cs,
float LAPACKE_slapy2_work( float x, float y );
double LAPACKE_dlapy2_work( double x, double y );
float LAPACKE_slapy3_work( float x, float y, float z );
double LAPACKE_dlapy3_work( double x, double y, double z );
float LAPACKE_slamch_work( char cmach );
double LAPACKE_dlamch_work( char cmach );
float LAPACKE_slange_work( int matrix_layout, char norm, lapack_int m,
double LAPACKE_dlange_work( int matrix_layout, char norm, lapack_int m,
float LAPACKE_clange_work( int matrix_layout, char norm, lapack_int m,
double LAPACKE_zlange_work( int matrix_layout, char norm, lapack_int m,
float LAPACKE_clanhe_work( int matrix_layout, char norm, char uplo,
double LAPACKE_zlanhe_work( int matrix_layout, char norm, char uplo,
lapack_int LAPACKE_clacrm_work( int matrix_layout, lapack_int m, lapack_int n,
lapack_int LAPACKE_zlacrm_work( int matrix_layout, lapack_int m, lapack_int n,
lapack_int LAPACKE_clarcm_work( int matrix_layout, lapack_int m, lapack_int n,
lapack_int LAPACKE_zlarcm_work( int matrix_layout, lapack_int m, lapack_int n,
float LAPACKE_slansy_work( int matrix_layout, char norm, char uplo,
double LAPACKE_dlansy_work( int matrix_layout, char norm, char uplo,
float LAPACKE_clansy_work( int matrix_layout, char norm, char uplo,
double LAPACKE_zlansy_work( int matrix_layout, char norm, char uplo,
float LAPACKE_slantr_work( int matrix_layout, char norm, char uplo,
double LAPACKE_dlantr_work( int matrix_layout, char norm, char uplo,
float LAPACKE_clantr_work( int matrix_layout, char norm, char uplo,
double LAPACKE_zlantr_work( int matrix_layout, char norm, char uplo,
lapack_int LAPACKE_slarfb_work( int matrix_layout, char side, char trans,
lapack_int LAPACKE_dlarfb_work( int matrix_layout, char side, char trans,
lapack_int LAPACKE_clarfb_work( int matrix_layout, char side, char trans,
lapack_int LAPACKE_zlarfb_work( int matrix_layout, char side, char trans,
lapack_int LAPACKE_slarfg_work( lapack_int n, float* alpha, float* x,
lapack_int LAPACKE_dlarfg_work( lapack_int n, double* alpha, double* x,
lapack_int LAPACKE_clarfg_work( lapack_int n, lapack_complex_float* alpha,
lapack_int LAPACKE_zlarfg_work( lapack_int n, lapack_complex_double* alpha,
lapack_int LAPACKE_slarft_work( int matrix_layout, char direct, char storev,
lapack_int LAPACKE_dlarft_work( int matrix_layout, char direct, char storev,
lapack_int LAPACKE_clarft_work( int matrix_layout, char direct, char storev,
lapack_int LAPACKE_zlarft_work( int matrix_layout, char direct, char storev,
lapack_int LAPACKE_slarfx_work( int matrix_layout, char side, lapack_int m,
lapack_int LAPACKE_dlarfx_work( int matrix_layout, char side, lapack_int m,
lapack_int LAPACKE_clarfx_work( int matrix_layout, char side, lapack_int m,
lapack_int LAPACKE_zlarfx_work( int matrix_layout, char side, lapack_int m,
lapack_int LAPACKE_slarnv_work( lapack_int idist, lapack_int* iseed,
lapack_int LAPACKE_dlarnv_work( lapack_int idist, lapack_int* iseed,
lapack_int LAPACKE_clarnv_work( lapack_int idist, lapack_int* iseed,
lapack_int LAPACKE_zlarnv_work( lapack_int idist, lapack_int* iseed,
lapack_int LAPACKE_slascl_work( int matrix_layout, char type, lapack_int kl,
lapack_int LAPACKE_dlascl_work( int matrix_layout, char type, lapack_int kl,
lapack_int LAPACKE_clascl_work( int matrix_layout, char type, lapack_int kl,
lapack_int LAPACKE_zlascl_work( int matrix_layout, char type, lapack_int kl,
lapack_int LAPACKE_slaset_work( int matrix_layout, char uplo, lapack_int m,
lapack_int LAPACKE_dlaset_work( int matrix_layout, char uplo, lapack_int m,
lapack_int LAPACKE_claset_work( int matrix_layout, char uplo, lapack_int m,
lapack_int LAPACKE_zlaset_work( int matrix_layout, char uplo, lapack_int m,
lapack_int LAPACKE_slasrt_work( char id, lapack_int n, float* d );
lapack_int LAPACKE_dlasrt_work( char id, lapack_int n, double* d );
lapack_int LAPACKE_slassq_work( lapack_int n,                 float* x, lapack_int incx,  float* scale,  float* sumsq );
lapack_int LAPACKE_dlassq_work( lapack_int n,                double* x, lapack_int incx, double* scale, double* sumsq );
lapack_int LAPACKE_classq_work( lapack_int n,  lapack_complex_float* x, lapack_int incx,  float* scale,  float* sumsq );
lapack_int LAPACKE_zlassq_work( lapack_int n, lapack_complex_double* x, lapack_int incx, double* scale, double* sumsq );
lapack_int LAPACKE_slaswp_work( int matrix_layout, lapack_int n, float* a,
lapack_int LAPACKE_dlaswp_work( int matrix_layout, lapack_int n, double* a,
lapack_int LAPACKE_claswp_work( int matrix_layout, lapack_int n,
lapack_int LAPACKE_zlaswp_work( int matrix_layout, lapack_int n,
lapack_int LAPACKE_slatms_work( int matrix_layout, lapack_int m, lapack_int n,
lapack_int LAPACKE_dlatms_work( int matrix_layout, lapack_int m, lapack_int n,
lapack_int LAPACKE_clatms_work( int matrix_layout, lapack_int m, lapack_int n,
lapack_int LAPACKE_zlatms_work( int matrix_layout, lapack_int m, lapack_int n,
lapack_int LAPACKE_slauum_work( int matrix_layout, char uplo, lapack_int n,
lapack_int LAPACKE_dlauum_work( int matrix_layout, char uplo, lapack_int n,
lapack_int LAPACKE_clauum_work( int matrix_layout, char uplo, lapack_int n,
lapack_int LAPACKE_zlauum_work( int matrix_layout, char uplo, lapack_int n,
lapack_int LAPACKE_sopgtr_work( int matrix_layout, char uplo, lapack_int n,
lapack_int LAPACKE_dopgtr_work( int matrix_layout, char uplo, lapack_int n,
lapack_int LAPACKE_sopmtr_work( int matrix_layout, char side, char uplo,
lapack_int LAPACKE_dopmtr_work( int matrix_layout, char side, char uplo,
lapack_int LAPACKE_sorgbr_work( int matrix_layout, char vect, lapack_int m,
lapack_int LAPACKE_dorgbr_work( int matrix_layout, char vect, lapack_int m,
lapack_int LAPACKE_sorghr_work( int matrix_layout, lapack_int n, lapack_int ilo,
lapack_int LAPACKE_dorghr_work( int matrix_layout, lapack_int n, lapack_int ilo,
lapack_int LAPACKE_sorglq_work( int matrix_layout, lapack_int m, lapack_int n,
lapack_int LAPACKE_dorglq_work( int matrix_layout, lapack_int m, lapack_int n,
lapack_int LAPACKE_sorgql_work( int matrix_layout, lapack_int m, lapack_int n,
lapack_int LAPACKE_dorgql_work( int matrix_layout, lapack_int m, lapack_int n,
lapack_int LAPACKE_sorgqr_work( int matrix_layout, lapack_int m, lapack_int n,
lapack_int LAPACKE_dorgqr_work( int matrix_layout, lapack_int m, lapack_int n,
lapack_int LAPACKE_sorgrq_work( int matrix_layout, lapack_int m, lapack_int n,
lapack_int LAPACKE_dorgrq_work( int matrix_layout, lapack_int m, lapack_int n,
lapack_int LAPACKE_sorgtr_work( int matrix_layout, char uplo, lapack_int n,
lapack_int LAPACKE_dorgtr_work( int matrix_layout, char uplo, lapack_int n,
lapack_int LAPACKE_sorgtsqr_row_work( int matrix_layout,
lapack_int LAPACKE_dorgtsqr_row_work( int matrix_layout,
lapack_int LAPACKE_sormbr_work( int matrix_layout, char vect, char side,
lapack_int LAPACKE_dormbr_work( int matrix_layout, char vect, char side,
lapack_int LAPACKE_sormhr_work( int matrix_layout, char side, char trans,
lapack_int LAPACKE_dormhr_work( int matrix_layout, char side, char trans,
lapack_int LAPACKE_sormlq_work( int matrix_layout, char side, char trans,
lapack_int LAPACKE_dormlq_work( int matrix_layout, char side, char trans,
lapack_int LAPACKE_sormql_work( int matrix_layout, char side, char trans,
lapack_int LAPACKE_dormql_work( int matrix_layout, char side, char trans,
lapack_int LAPACKE_sormqr_work( int matrix_layout, char side, char trans,
lapack_int LAPACKE_dormqr_work( int matrix_layout, char side, char trans,
lapack_int LAPACKE_sormrq_work( int matrix_layout, char side, char trans,
lapack_int LAPACKE_dormrq_work( int matrix_layout, char side, char trans,
lapack_int LAPACKE_sormrz_work( int matrix_layout, char side, char trans,
lapack_int LAPACKE_dormrz_work( int matrix_layout, char side, char trans,
lapack_int LAPACKE_sormtr_work( int matrix_layout, char side, char uplo,
lapack_int LAPACKE_dormtr_work( int matrix_layout, char side, char uplo,
lapack_int LAPACKE_spbcon_work( int matrix_layout, char uplo, lapack_int n,
lapack_int LAPACKE_dpbcon_work( int matrix_layout, char uplo, lapack_int n,
lapack_int LAPACKE_cpbcon_work( int matrix_layout, char uplo, lapack_int n,
lapack_int LAPACKE_zpbcon_work( int matrix_layout, char uplo, lapack_int n,
lapack_int LAPACKE_spbequ_work( int matrix_layout, char uplo, lapack_int n,
lapack_int LAPACKE_dpbequ_work( int matrix_layout, char uplo, lapack_int n,
lapack_int LAPACKE_cpbequ_work( int matrix_layout, char uplo, lapack_int n,
lapack_int LAPACKE_zpbequ_work( int matrix_layout, char uplo, lapack_int n,
lapack_int LAPACKE_spbrfs_work( int matrix_layout, char uplo, lapack_int n,
lapack_int LAPACKE_dpbrfs_work( int matrix_layout, char uplo, lapack_int n,
lapack_int LAPACKE_cpbrfs_work( int matrix_layout, char uplo, lapack_int n,
lapack_int LAPACKE_zpbrfs_work( int matrix_layout, char uplo, lapack_int n,
lapack_int LAPACKE_spbstf_work( int matrix_layout, char uplo, lapack_int n,
lapack_int LAPACKE_dpbstf_work( int matrix_layout, char uplo, lapack_int n,
lapack_int LAPACKE_cpbstf_work( int matrix_layout, char uplo, lapack_int n,
lapack_int LAPACKE_zpbstf_work( int matrix_layout, char uplo, lapack_int n,
lapack_int LAPACKE_spbsv_work( int matrix_layout, char uplo, lapack_int n,
lapack_int LAPACKE_dpbsv_work( int matrix_layout, char uplo, lapack_int n,
lapack_int LAPACKE_cpbsv_work( int matrix_layout, char uplo, lapack_int n,
lapack_int LAPACKE_zpbsv_work( int matrix_layout, char uplo, lapack_int n,
lapack_int LAPACKE_spbsvx_work( int matrix_layout, char fact, char uplo,
lapack_int LAPACKE_dpbsvx_work( int matrix_layout, char fact, char uplo,
lapack_int LAPACKE_cpbsvx_work( int matrix_layout, char fact, char uplo,
lapack_int LAPACKE_zpbsvx_work( int matrix_layout, char fact, char uplo,
lapack_int LAPACKE_spbtrf_work( int matrix_layout, char uplo, lapack_int n,
lapack_int LAPACKE_dpbtrf_work( int matrix_layout, char uplo, lapack_int n,
lapack_int LAPACKE_cpbtrf_work( int matrix_layout, char uplo, lapack_int n,
lapack_int LAPACKE_zpbtrf_work( int matrix_layout, char uplo, lapack_int n,
lapack_int LAPACKE_spbtrs_work( int matrix_layout, char uplo, lapack_int n,
lapack_int LAPACKE_dpbtrs_work( int matrix_layout, char uplo, lapack_int n,
lapack_int LAPACKE_cpbtrs_work( int matrix_layout, char uplo, lapack_int n,
lapack_int LAPACKE_zpbtrs_work( int matrix_layout, char uplo, lapack_int n,
lapack_int LAPACKE_spftrf_work( int matrix_layout, char transr, char uplo,
lapack_int LAPACKE_dpftrf_work( int matrix_layout, char transr, char uplo,
lapack_int LAPACKE_cpftrf_work( int matrix_layout, char transr, char uplo,
lapack_int LAPACKE_zpftrf_work( int matrix_layout, char transr, char uplo,
lapack_int LAPACKE_spftri_work( int matrix_layout, char transr, char uplo,
lapack_int LAPACKE_dpftri_work( int matrix_layout, char transr, char uplo,
lapack_int LAPACKE_cpftri_work( int matrix_layout, char transr, char uplo,
lapack_int LAPACKE_zpftri_work( int matrix_layout, char transr, char uplo,
lapack_int LAPACKE_spftrs_work( int matrix_layout, char transr, char uplo,
lapack_int LAPACKE_dpftrs_work( int matrix_layout, char transr, char uplo,
lapack_int LAPACKE_cpftrs_work( int matrix_layout, char transr, char uplo,
lapack_int LAPACKE_zpftrs_work( int matrix_layout, char transr, char uplo,
lapack_int LAPACKE_spocon_work( int matrix_layout, char uplo, lapack_int n,
lapack_int LAPACKE_dpocon_work( int matrix_layout, char uplo, lapack_int n,
lapack_int LAPACKE_cpocon_work( int matrix_layout, char uplo, lapack_int n,
lapack_int LAPACKE_zpocon_work( int matrix_layout, char uplo, lapack_int n,
lapack_int LAPACKE_spoequ_work( int matrix_layout, lapack_int n, const float* a,
lapack_int LAPACKE_dpoequ_work( int matrix_layout, lapack_int n, const double* a,
lapack_int LAPACKE_cpoequ_work( int matrix_layout, lapack_int n,
lapack_int LAPACKE_zpoequ_work( int matrix_layout, lapack_int n,
lapack_int LAPACKE_spoequb_work( int matrix_layout, lapack_int n, const float* a,
lapack_int LAPACKE_dpoequb_work( int matrix_layout, lapack_int n,
lapack_int LAPACKE_cpoequb_work( int matrix_layout, lapack_int n,
lapack_int LAPACKE_zpoequb_work( int matrix_layout, lapack_int n,
lapack_int LAPACKE_sporfs_work( int matrix_layout, char uplo, lapack_int n,
lapack_int LAPACKE_dporfs_work( int matrix_layout, char uplo, lapack_int n,
lapack_int LAPACKE_cporfs_work( int matrix_layout, char uplo, lapack_int n,
lapack_int LAPACKE_zporfs_work( int matrix_layout, char uplo, lapack_int n,
lapack_int LAPACKE_sporfsx_work( int matrix_layout, char uplo, char equed,
lapack_int LAPACKE_dporfsx_work( int matrix_layout, char uplo, char equed,
lapack_int LAPACKE_cporfsx_work( int matrix_layout, char uplo, char equed,
lapack_int LAPACKE_zporfsx_work( int matrix_layout, char uplo, char equed,
lapack_int LAPACKE_sposv_work( int matrix_layout, char uplo, lapack_int n,
lapack_int LAPACKE_dposv_work( int matrix_layout, char uplo, lapack_int n,
lapack_int LAPACKE_cposv_work( int matrix_layout, char uplo, lapack_int n,
lapack_int LAPACKE_zposv_work( int matrix_layout, char uplo, lapack_int n,
lapack_int LAPACKE_dsposv_work( int matrix_layout, char uplo, lapack_int n,
lapack_int LAPACKE_zcposv_work( int matrix_layout, char uplo, lapack_int n,
lapack_int LAPACKE_sposvx_work( int matrix_layout, char fact, char uplo,
lapack_int LAPACKE_dposvx_work( int matrix_layout, char fact, char uplo,
lapack_int LAPACKE_cposvx_work( int matrix_layout, char fact, char uplo,
lapack_int LAPACKE_zposvx_work( int matrix_layout, char fact, char uplo,
lapack_int LAPACKE_sposvxx_work( int matrix_layout, char fact, char uplo,
lapack_int LAPACKE_dposvxx_work( int matrix_layout, char fact, char uplo,
lapack_int LAPACKE_cposvxx_work( int matrix_layout, char fact, char uplo,
lapack_int LAPACKE_zposvxx_work( int matrix_layout, char fact, char uplo,
lapack_int LAPACKE_spotrf2_work( int matrix_layout, char uplo, lapack_int n,
lapack_int LAPACKE_dpotrf2_work( int matrix_layout, char uplo, lapack_int n,
lapack_int LAPACKE_cpotrf2_work( int matrix_layout, char uplo, lapack_int n,
lapack_int LAPACKE_zpotrf2_work( int matrix_layout, char uplo, lapack_int n,
lapack_int LAPACKE_spotrf_work( int matrix_layout, char uplo, lapack_int n,
lapack_int LAPACKE_dpotrf_work( int matrix_layout, char uplo, lapack_int n,
lapack_int LAPACKE_cpotrf_work( int matrix_layout, char uplo, lapack_int n,
lapack_int LAPACKE_zpotrf_work( int matrix_layout, char uplo, lapack_int n,
lapack_int LAPACKE_spotri_work( int matrix_layout, char uplo, lapack_int n,
lapack_int LAPACKE_dpotri_work( int matrix_layout, char uplo, lapack_int n,
lapack_int LAPACKE_cpotri_work( int matrix_layout, char uplo, lapack_int n,
lapack_int LAPACKE_zpotri_work( int matrix_layout, char uplo, lapack_int n,
lapack_int LAPACKE_spotrs_work( int matrix_layout, char uplo, lapack_int n,
lapack_int LAPACKE_dpotrs_work( int matrix_layout, char uplo, lapack_int n,
lapack_int LAPACKE_cpotrs_work( int matrix_layout, char uplo, lapack_int n,
lapack_int LAPACKE_zpotrs_work( int matrix_layout, char uplo, lapack_int n,
lapack_int LAPACKE_sppcon_work( int matrix_layout, char uplo, lapack_int n,
lapack_int LAPACKE_dppcon_work( int matrix_layout, char uplo, lapack_int n,
lapack_int LAPACKE_cppcon_work( int matrix_layout, char uplo, lapack_int n,
lapack_int LAPACKE_zppcon_work( int matrix_layout, char uplo, lapack_int n,
lapack_int LAPACKE_sppequ_work( int matrix_layout, char uplo, lapack_int n,
lapack_int LAPACKE_dppequ_work( int matrix_layout, char uplo, lapack_int n,
lapack_int LAPACKE_cppequ_work( int matrix_layout, char uplo, lapack_int n,
lapack_int LAPACKE_zppequ_work( int matrix_layout, char uplo, lapack_int n,
lapack_int LAPACKE_spprfs_work( int matrix_layout, char uplo, lapack_int n,
lapack_int LAPACKE_dpprfs_work( int matrix_layout, char uplo, lapack_int n,
lapack_int LAPACKE_cpprfs_work( int matrix_layout, char uplo, lapack_int n,
lapack_int LAPACKE_zpprfs_work( int matrix_layout, char uplo, lapack_int n,
lapack_int LAPACKE_sppsv_work( int matrix_layout, char uplo, lapack_int n,
lapack_int LAPACKE_dppsv_work( int matrix_layout, char uplo, lapack_int n,
lapack_int LAPACKE_cppsv_work( int matrix_layout, char uplo, lapack_int n,
lapack_int LAPACKE_zppsv_work( int matrix_layout, char uplo, lapack_int n,
lapack_int LAPACKE_sppsvx_work( int matrix_layout, char fact, char uplo,
lapack_int LAPACKE_dppsvx_work( int matrix_layout, char fact, char uplo,
lapack_int LAPACKE_cppsvx_work( int matrix_layout, char fact, char uplo,
lapack_int LAPACKE_zppsvx_work( int matrix_layout, char fact, char uplo,
lapack_int LAPACKE_spptrf_work( int matrix_layout, char uplo, lapack_int n,
lapack_int LAPACKE_dpptrf_work( int matrix_layout, char uplo, lapack_int n,
lapack_int LAPACKE_cpptrf_work( int matrix_layout, char uplo, lapack_int n,
lapack_int LAPACKE_zpptrf_work( int matrix_layout, char uplo, lapack_int n,
lapack_int LAPACKE_spptri_work( int matrix_layout, char uplo, lapack_int n,
lapack_int LAPACKE_dpptri_work( int matrix_layout, char uplo, lapack_int n,
lapack_int LAPACKE_cpptri_work( int matrix_layout, char uplo, lapack_int n,
lapack_int LAPACKE_zpptri_work( int matrix_layout, char uplo, lapack_int n,
lapack_int LAPACKE_spptrs_work( int matrix_layout, char uplo, lapack_int n,
lapack_int LAPACKE_dpptrs_work( int matrix_layout, char uplo, lapack_int n,
lapack_int LAPACKE_cpptrs_work( int matrix_layout, char uplo, lapack_int n,
lapack_int LAPACKE_zpptrs_work( int matrix_layout, char uplo, lapack_int n,
lapack_int LAPACKE_spstrf_work( int matrix_layout, char uplo, lapack_int n,
lapack_int LAPACKE_dpstrf_work( int matrix_layout, char uplo, lapack_int n,
lapack_int LAPACKE_cpstrf_work( int matrix_layout, char uplo, lapack_int n,
lapack_int LAPACKE_zpstrf_work( int matrix_layout, char uplo, lapack_int n,
lapack_int LAPACKE_sptcon_work( lapack_int n, const float* d, const float* e,
lapack_int LAPACKE_dptcon_work( lapack_int n, const double* d, const double* e,
lapack_int LAPACKE_cptcon_work( lapack_int n, const float* d,
lapack_int LAPACKE_zptcon_work( lapack_int n, const double* d,
lapack_int LAPACKE_spteqr_work( int matrix_layout, char compz, lapack_int n,
lapack_int LAPACKE_dpteqr_work( int matrix_layout, char compz, lapack_int n,
lapack_int LAPACKE_cpteqr_work( int matrix_layout, char compz, lapack_int n,
lapack_int LAPACKE_zpteqr_work( int matrix_layout, char compz, lapack_int n,
lapack_int LAPACKE_sptrfs_work( int matrix_layout, lapack_int n, lapack_int nrhs,
lapack_int LAPACKE_dptrfs_work( int matrix_layout, lapack_int n, lapack_int nrhs,
lapack_int LAPACKE_cptrfs_work( int matrix_layout, char uplo, lapack_int n,
lapack_int LAPACKE_zptrfs_work( int matrix_layout, char uplo, lapack_int n,
lapack_int LAPACKE_sptsv_work( int matrix_layout, lapack_int n, lapack_int nrhs,
lapack_int LAPACKE_dptsv_work( int matrix_layout, lapack_int n, lapack_int nrhs,
lapack_int LAPACKE_cptsv_work( int matrix_layout, lapack_int n, lapack_int nrhs,
lapack_int LAPACKE_zptsv_work( int matrix_layout, lapack_int n, lapack_int nrhs,
lapack_int LAPACKE_sptsvx_work( int matrix_layout, char fact, lapack_int n,
lapack_int LAPACKE_dptsvx_work( int matrix_layout, char fact, lapack_int n,
lapack_int LAPACKE_cptsvx_work( int matrix_layout, char fact, lapack_int n,
lapack_int LAPACKE_zptsvx_work( int matrix_layout, char fact, lapack_int n,
lapack_int LAPACKE_spttrf_work( lapack_int n, float* d, float* e );
lapack_int LAPACKE_dpttrf_work( lapack_int n, double* d, double* e );
lapack_int LAPACKE_cpttrf_work( lapack_int n, float* d,
lapack_int LAPACKE_zpttrf_work( lapack_int n, double* d,
lapack_int LAPACKE_spttrs_work( int matrix_layout, lapack_int n, lapack_int nrhs,
lapack_int LAPACKE_dpttrs_work( int matrix_layout, lapack_int n, lapack_int nrhs,
lapack_int LAPACKE_cpttrs_work( int matrix_layout, char uplo, lapack_int n,
lapack_int LAPACKE_zpttrs_work( int matrix_layout, char uplo, lapack_int n,
lapack_int LAPACKE_ssbev_work( int matrix_layout, char jobz, char uplo,
lapack_int LAPACKE_dsbev_work( int matrix_layout, char jobz, char uplo,
lapack_int LAPACKE_ssbevd_work( int matrix_layout, char jobz, char uplo,
lapack_int LAPACKE_dsbevd_work( int matrix_layout, char jobz, char uplo,
lapack_int LAPACKE_ssbevx_work( int matrix_layout, char jobz, char range,
lapack_int LAPACKE_dsbevx_work( int matrix_layout, char jobz, char range,
lapack_int LAPACKE_ssbgst_work( int matrix_layout, char vect, char uplo,
lapack_int LAPACKE_dsbgst_work( int matrix_layout, char vect, char uplo,
lapack_int LAPACKE_ssbgv_work( int matrix_layout, char jobz, char uplo,
lapack_int LAPACKE_dsbgv_work( int matrix_layout, char jobz, char uplo,
lapack_int LAPACKE_ssbgvd_work( int matrix_layout, char jobz, char uplo,
lapack_int LAPACKE_dsbgvd_work( int matrix_layout, char jobz, char uplo,
lapack_int LAPACKE_ssbgvx_work( int matrix_layout, char jobz, char range,
lapack_int LAPACKE_dsbgvx_work( int matrix_layout, char jobz, char range,
lapack_int LAPACKE_ssbtrd_work( int matrix_layout, char vect, char uplo,
lapack_int LAPACKE_dsbtrd_work( int matrix_layout, char vect, char uplo,
lapack_int LAPACKE_ssfrk_work( int matrix_layout, char transr, char uplo,
lapack_int LAPACKE_dsfrk_work( int matrix_layout, char transr, char uplo,
lapack_int LAPACKE_sspcon_work( int matrix_layout, char uplo, lapack_int n,
lapack_int LAPACKE_dspcon_work( int matrix_layout, char uplo, lapack_int n,
lapack_int LAPACKE_cspcon_work( int matrix_layout, char uplo, lapack_int n,
lapack_int LAPACKE_zspcon_work( int matrix_layout, char uplo, lapack_int n,
lapack_int LAPACKE_sspev_work( int matrix_layout, char jobz, char uplo,
lapack_int LAPACKE_dspev_work( int matrix_layout, char jobz, char uplo,
lapack_int LAPACKE_sspevd_work( int matrix_layout, char jobz, char uplo,
lapack_int LAPACKE_dspevd_work( int matrix_layout, char jobz, char uplo,
lapack_int LAPACKE_sspevx_work( int matrix_layout, char jobz, char range,
lapack_int LAPACKE_dspevx_work( int matrix_layout, char jobz, char range,
lapack_int LAPACKE_sspgst_work( int matrix_layout, lapack_int itype, char uplo,
lapack_int LAPACKE_dspgst_work( int matrix_layout, lapack_int itype, char uplo,
lapack_int LAPACKE_sspgv_work( int matrix_layout, lapack_int itype, char jobz,
lapack_int LAPACKE_dspgv_work( int matrix_layout, lapack_int itype, char jobz,
lapack_int LAPACKE_sspgvd_work( int matrix_layout, lapack_int itype, char jobz,
lapack_int LAPACKE_dspgvd_work( int matrix_layout, lapack_int itype, char jobz,
lapack_int LAPACKE_sspgvx_work( int matrix_layout, lapack_int itype, char jobz,
lapack_int LAPACKE_dspgvx_work( int matrix_layout, lapack_int itype, char jobz,
lapack_int LAPACKE_ssprfs_work( int matrix_layout, char uplo, lapack_int n,
lapack_int LAPACKE_dsprfs_work( int matrix_layout, char uplo, lapack_int n,
lapack_int LAPACKE_csprfs_work( int matrix_layout, char uplo, lapack_int n,
lapack_int LAPACKE_zsprfs_work( int matrix_layout, char uplo, lapack_int n,
lapack_int LAPACKE_sspsv_work( int matrix_layout, char uplo, lapack_int n,
lapack_int LAPACKE_dspsv_work( int matrix_layout, char uplo, lapack_int n,
lapack_int LAPACKE_cspsv_work( int matrix_layout, char uplo, lapack_int n,
lapack_int LAPACKE_zspsv_work( int matrix_layout, char uplo, lapack_int n,
lapack_int LAPACKE_sspsvx_work( int matrix_layout, char fact, char uplo,
lapack_int LAPACKE_dspsvx_work( int matrix_layout, char fact, char uplo,
lapack_int LAPACKE_cspsvx_work( int matrix_layout, char fact, char uplo,
lapack_int LAPACKE_zspsvx_work( int matrix_layout, char fact, char uplo,
lapack_int LAPACKE_ssptrd_work( int matrix_layout, char uplo, lapack_int n,
lapack_int LAPACKE_dsptrd_work( int matrix_layout, char uplo, lapack_int n,
lapack_int LAPACKE_ssptrf_work( int matrix_layout, char uplo, lapack_int n,
lapack_int LAPACKE_dsptrf_work( int matrix_layout, char uplo, lapack_int n,
lapack_int LAPACKE_csptrf_work( int matrix_layout, char uplo, lapack_int n,
lapack_int LAPACKE_zsptrf_work( int matrix_layout, char uplo, lapack_int n,
lapack_int LAPACKE_ssptri_work( int matrix_layout, char uplo, lapack_int n,
lapack_int LAPACKE_dsptri_work( int matrix_layout, char uplo, lapack_int n,
lapack_int LAPACKE_csptri_work( int matrix_layout, char uplo, lapack_int n,
lapack_int LAPACKE_zsptri_work( int matrix_layout, char uplo, lapack_int n,
lapack_int LAPACKE_ssptrs_work( int matrix_layout, char uplo, lapack_int n,
lapack_int LAPACKE_dsptrs_work( int matrix_layout, char uplo, lapack_int n,
lapack_int LAPACKE_csptrs_work( int matrix_layout, char uplo, lapack_int n,
lapack_int LAPACKE_zsptrs_work( int matrix_layout, char uplo, lapack_int n,
lapack_int LAPACKE_sstebz_work( char range, char order, lapack_int n, float vl,
lapack_int LAPACKE_dstebz_work( char range, char order, lapack_int n, double vl,
lapack_int LAPACKE_sstedc_work( int matrix_layout, char compz, lapack_int n,
lapack_int LAPACKE_dstedc_work( int matrix_layout, char compz, lapack_int n,
lapack_int LAPACKE_cstedc_work( int matrix_layout, char compz, lapack_int n,
lapack_int LAPACKE_zstedc_work( int matrix_layout, char compz, lapack_int n,
lapack_int LAPACKE_sstegr_work( int matrix_layout, char jobz, char range,
lapack_int LAPACKE_dstegr_work( int matrix_layout, char jobz, char range,
lapack_int LAPACKE_cstegr_work( int matrix_layout, char jobz, char range,
lapack_int LAPACKE_zstegr_work( int matrix_layout, char jobz, char range,
lapack_int LAPACKE_sstein_work( int matrix_layout, lapack_int n, const float* d,
lapack_int LAPACKE_dstein_work( int matrix_layout, lapack_int n, const double* d,
lapack_int LAPACKE_cstein_work( int matrix_layout, lapack_int n, const float* d,
lapack_int LAPACKE_zstein_work( int matrix_layout, lapack_int n, const double* d,
lapack_int LAPACKE_sstemr_work( int matrix_layout, char jobz, char range,
lapack_int LAPACKE_dstemr_work( int matrix_layout, char jobz, char range,
lapack_int LAPACKE_cstemr_work( int matrix_layout, char jobz, char range,
lapack_int LAPACKE_zstemr_work( int matrix_layout, char jobz, char range,
lapack_int LAPACKE_ssteqr_work( int matrix_layout, char compz, lapack_int n,
lapack_int LAPACKE_dsteqr_work( int matrix_layout, char compz, lapack_int n,
lapack_int LAPACKE_csteqr_work( int matrix_layout, char compz, lapack_int n,
lapack_int LAPACKE_zsteqr_work( int matrix_layout, char compz, lapack_int n,
lapack_int LAPACKE_ssterf_work( lapack_int n, float* d, float* e );
lapack_int LAPACKE_dsterf_work( lapack_int n, double* d, double* e );
lapack_int LAPACKE_sstev_work( int matrix_layout, char jobz, lapack_int n,
lapack_int LAPACKE_dstev_work( int matrix_layout, char jobz, lapack_int n,
lapack_int LAPACKE_sstevd_work( int matrix_layout, char jobz, lapack_int n,
lapack_int LAPACKE_dstevd_work( int matrix_layout, char jobz, lapack_int n,
lapack_int LAPACKE_sstevr_work( int matrix_layout, char jobz, char range,
lapack_int LAPACKE_dstevr_work( int matrix_layout, char jobz, char range,
lapack_int LAPACKE_sstevx_work( int matrix_layout, char jobz, char range,
lapack_int LAPACKE_dstevx_work( int matrix_layout, char jobz, char range,
lapack_int LAPACKE_ssycon_work( int matrix_layout, char uplo, lapack_int n,
lapack_int LAPACKE_dsycon_work( int matrix_layout, char uplo, lapack_int n,
lapack_int LAPACKE_csycon_work( int matrix_layout, char uplo, lapack_int n,
lapack_int LAPACKE_zsycon_work( int matrix_layout, char uplo, lapack_int n,
lapack_int LAPACKE_ssyequb_work( int matrix_layout, char uplo, lapack_int n,
lapack_int LAPACKE_dsyequb_work( int matrix_layout, char uplo, lapack_int n,
lapack_int LAPACKE_csyequb_work( int matrix_layout, char uplo, lapack_int n,
lapack_int LAPACKE_zsyequb_work( int matrix_layout, char uplo, lapack_int n,
lapack_int LAPACKE_ssyev_work( int matrix_layout, char jobz, char uplo,
lapack_int LAPACKE_dsyev_work( int matrix_layout, char jobz, char uplo,
lapack_int LAPACKE_ssyevd_work( int matrix_layout, char jobz, char uplo,
lapack_int LAPACKE_dsyevd_work( int matrix_layout, char jobz, char uplo,
lapack_int LAPACKE_ssyevr_work( int matrix_layout, char jobz, char range,
lapack_int LAPACKE_dsyevr_work( int matrix_layout, char jobz, char range,
lapack_int LAPACKE_ssyevx_work( int matrix_layout, char jobz, char range,
lapack_int LAPACKE_dsyevx_work( int matrix_layout, char jobz, char range,
lapack_int LAPACKE_ssygst_work( int matrix_layout, lapack_int itype, char uplo,
lapack_int LAPACKE_dsygst_work( int matrix_layout, lapack_int itype, char uplo,
lapack_int LAPACKE_ssygv_work( int matrix_layout, lapack_int itype, char jobz,
lapack_int LAPACKE_dsygv_work( int matrix_layout, lapack_int itype, char jobz,
lapack_int LAPACKE_ssygvd_work( int matrix_layout, lapack_int itype, char jobz,
lapack_int LAPACKE_dsygvd_work( int matrix_layout, lapack_int itype, char jobz,
lapack_int LAPACKE_ssygvx_work( int matrix_layout, lapack_int itype, char jobz,
lapack_int LAPACKE_dsygvx_work( int matrix_layout, lapack_int itype, char jobz,
lapack_int LAPACKE_ssyrfs_work( int matrix_layout, char uplo, lapack_int n,
lapack_int LAPACKE_dsyrfs_work( int matrix_layout, char uplo, lapack_int n,
lapack_int LAPACKE_csyrfs_work( int matrix_layout, char uplo, lapack_int n,
lapack_int LAPACKE_zsyrfs_work( int matrix_layout, char uplo, lapack_int n,
lapack_int LAPACKE_ssyrfsx_work( int matrix_layout, char uplo, char equed,
lapack_int LAPACKE_dsyrfsx_work( int matrix_layout, char uplo, char equed,
lapack_int LAPACKE_csyrfsx_work( int matrix_layout, char uplo, char equed,
lapack_int LAPACKE_zsyrfsx_work( int matrix_layout, char uplo, char equed,
lapack_int LAPACKE_ssysv_work( int matrix_layout, char uplo, lapack_int n,
lapack_int LAPACKE_dsysv_work( int matrix_layout, char uplo, lapack_int n,
lapack_int LAPACKE_csysv_work( int matrix_layout, char uplo, lapack_int n,
lapack_int LAPACKE_zsysv_work( int matrix_layout, char uplo, lapack_int n,
lapack_int LAPACKE_ssysvx_work( int matrix_layout, char fact, char uplo,
lapack_int LAPACKE_dsysvx_work( int matrix_layout, char fact, char uplo,
lapack_int LAPACKE_csysvx_work( int matrix_layout, char fact, char uplo,
lapack_int LAPACKE_zsysvx_work( int matrix_layout, char fact, char uplo,
lapack_int LAPACKE_ssysvxx_work( int matrix_layout, char fact, char uplo,
lapack_int LAPACKE_dsysvxx_work( int matrix_layout, char fact, char uplo,
lapack_int LAPACKE_csysvxx_work( int matrix_layout, char fact, char uplo,
lapack_int LAPACKE_zsysvxx_work( int matrix_layout, char fact, char uplo,
lapack_int LAPACKE_ssytrd_work( int matrix_layout, char uplo, lapack_int n,
lapack_int LAPACKE_dsytrd_work( int matrix_layout, char uplo, lapack_int n,
lapack_int LAPACKE_ssytrf_work( int matrix_layout, char uplo, lapack_int n,
lapack_int LAPACKE_dsytrf_work( int matrix_layout, char uplo, lapack_int n,
lapack_int LAPACKE_csytrf_work( int matrix_layout, char uplo, lapack_int n,
lapack_int LAPACKE_zsytrf_work( int matrix_layout, char uplo, lapack_int n,
lapack_int LAPACKE_ssytri_work( int matrix_layout, char uplo, lapack_int n,
lapack_int LAPACKE_dsytri_work( int matrix_layout, char uplo, lapack_int n,
lapack_int LAPACKE_csytri_work( int matrix_layout, char uplo, lapack_int n,
lapack_int LAPACKE_zsytri_work( int matrix_layout, char uplo, lapack_int n,
lapack_int LAPACKE_ssytrs_work( int matrix_layout, char uplo, lapack_int n,
lapack_int LAPACKE_dsytrs_work( int matrix_layout, char uplo, lapack_int n,
lapack_int LAPACKE_csytrs_work( int matrix_layout, char uplo, lapack_int n,
lapack_int LAPACKE_zsytrs_work( int matrix_layout, char uplo, lapack_int n,
lapack_int LAPACKE_stbcon_work( int matrix_layout, char norm, char uplo,
lapack_int LAPACKE_dtbcon_work( int matrix_layout, char norm, char uplo,
lapack_int LAPACKE_ctbcon_work( int matrix_layout, char norm, char uplo,
lapack_int LAPACKE_ztbcon_work( int matrix_layout, char norm, char uplo,
lapack_int LAPACKE_stbrfs_work( int matrix_layout, char uplo, char trans,
lapack_int LAPACKE_dtbrfs_work( int matrix_layout, char uplo, char trans,
lapack_int LAPACKE_ctbrfs_work( int matrix_layout, char uplo, char trans,
lapack_int LAPACKE_ztbrfs_work( int matrix_layout, char uplo, char trans,
lapack_int LAPACKE_stbtrs_work( int matrix_layout, char uplo, char trans,
lapack_int LAPACKE_dtbtrs_work( int matrix_layout, char uplo, char trans,
lapack_int LAPACKE_ctbtrs_work( int matrix_layout, char uplo, char trans,
lapack_int LAPACKE_ztbtrs_work( int matrix_layout, char uplo, char trans,
lapack_int LAPACKE_stfsm_work( int matrix_layout, char transr, char side,
lapack_int LAPACKE_dtfsm_work( int matrix_layout, char transr, char side,
lapack_int LAPACKE_ctfsm_work( int matrix_layout, char transr, char side,
lapack_int LAPACKE_ztfsm_work( int matrix_layout, char transr, char side,
lapack_int LAPACKE_stftri_work( int matrix_layout, char transr, char uplo,
lapack_int LAPACKE_dtftri_work( int matrix_layout, char transr, char uplo,
lapack_int LAPACKE_ctftri_work( int matrix_layout, char transr, char uplo,
lapack_int LAPACKE_ztftri_work( int matrix_layout, char transr, char uplo,
lapack_int LAPACKE_stfttp_work( int matrix_layout, char transr, char uplo,
lapack_int LAPACKE_dtfttp_work( int matrix_layout, char transr, char uplo,
lapack_int LAPACKE_ctfttp_work( int matrix_layout, char transr, char uplo,
lapack_int LAPACKE_ztfttp_work( int matrix_layout, char transr, char uplo,
lapack_int LAPACKE_stfttr_work( int matrix_layout, char transr, char uplo,
lapack_int LAPACKE_dtfttr_work( int matrix_layout, char transr, char uplo,
lapack_int LAPACKE_ctfttr_work( int matrix_layout, char transr, char uplo,
lapack_int LAPACKE_ztfttr_work( int matrix_layout, char transr, char uplo,
lapack_int LAPACKE_stgevc_work( int matrix_layout, char side, char howmny,
lapack_int LAPACKE_dtgevc_work( int matrix_layout, char side, char howmny,
lapack_int LAPACKE_ctgevc_work( int matrix_layout, char side, char howmny,
lapack_int LAPACKE_ztgevc_work( int matrix_layout, char side, char howmny,
lapack_int LAPACKE_stgexc_work( int matrix_layout, lapack_logical wantq,
lapack_int LAPACKE_dtgexc_work( int matrix_layout, lapack_logical wantq,
lapack_int LAPACKE_ctgexc_work( int matrix_layout, lapack_logical wantq,
lapack_int LAPACKE_ztgexc_work( int matrix_layout, lapack_logical wantq,
lapack_int LAPACKE_stgsen_work( int matrix_layout, lapack_int ijob,
lapack_int LAPACKE_dtgsen_work( int matrix_layout, lapack_int ijob,
lapack_int LAPACKE_ctgsen_work( int matrix_layout, lapack_int ijob,
lapack_int LAPACKE_ztgsen_work( int matrix_layout, lapack_int ijob,
lapack_int LAPACKE_stgsja_work( int matrix_layout, char jobu, char jobv,
lapack_int LAPACKE_dtgsja_work( int matrix_layout, char jobu, char jobv,
lapack_int LAPACKE_ctgsja_work( int matrix_layout, char jobu, char jobv,
lapack_int LAPACKE_ztgsja_work( int matrix_layout, char jobu, char jobv,
lapack_int LAPACKE_stgsna_work( int matrix_layout, char job, char howmny,
lapack_int LAPACKE_dtgsna_work( int matrix_layout, char job, char howmny,
lapack_int LAPACKE_ctgsna_work( int matrix_layout, char job, char howmny,
lapack_int LAPACKE_ztgsna_work( int matrix_layout, char job, char howmny,
lapack_int LAPACKE_stgsyl_work( int matrix_layout, char trans, lapack_int ijob,
lapack_int LAPACKE_dtgsyl_work( int matrix_layout, char trans, lapack_int ijob,
lapack_int LAPACKE_ctgsyl_work( int matrix_layout, char trans, lapack_int ijob,
lapack_int LAPACKE_ztgsyl_work( int matrix_layout, char trans, lapack_int ijob,
lapack_int LAPACKE_stpcon_work( int matrix_layout, char norm, char uplo,
lapack_int LAPACKE_dtpcon_work( int matrix_layout, char norm, char uplo,
lapack_int LAPACKE_ctpcon_work( int matrix_layout, char norm, char uplo,
lapack_int LAPACKE_ztpcon_work( int matrix_layout, char norm, char uplo,
lapack_int LAPACKE_stprfs_work( int matrix_layout, char uplo, char trans,
lapack_int LAPACKE_dtprfs_work( int matrix_layout, char uplo, char trans,
lapack_int LAPACKE_ctprfs_work( int matrix_layout, char uplo, char trans,
lapack_int LAPACKE_ztprfs_work( int matrix_layout, char uplo, char trans,
lapack_int LAPACKE_stptri_work( int matrix_layout, char uplo, char diag,
lapack_int LAPACKE_dtptri_work( int matrix_layout, char uplo, char diag,
lapack_int LAPACKE_ctptri_work( int matrix_layout, char uplo, char diag,
lapack_int LAPACKE_ztptri_work( int matrix_layout, char uplo, char diag,
lapack_int LAPACKE_stptrs_work( int matrix_layout, char uplo, char trans,
lapack_int LAPACKE_dtptrs_work( int matrix_layout, char uplo, char trans,
lapack_int LAPACKE_ctptrs_work( int matrix_layout, char uplo, char trans,
lapack_int LAPACKE_ztptrs_work( int matrix_layout, char uplo, char trans,
lapack_int LAPACKE_stpttf_work( int matrix_layout, char transr, char uplo,
lapack_int LAPACKE_dtpttf_work( int matrix_layout, char transr, char uplo,
lapack_int LAPACKE_ctpttf_work( int matrix_layout, char transr, char uplo,
lapack_int LAPACKE_ztpttf_work( int matrix_layout, char transr, char uplo,
lapack_int LAPACKE_stpttr_work( int matrix_layout, char uplo, lapack_int n,
lapack_int LAPACKE_dtpttr_work( int matrix_layout, char uplo, lapack_int n,
lapack_int LAPACKE_ctpttr_work( int matrix_layout, char uplo, lapack_int n,
lapack_int LAPACKE_ztpttr_work( int matrix_layout, char uplo, lapack_int n,
lapack_int LAPACKE_strcon_work( int matrix_layout, char norm, char uplo,
lapack_int LAPACKE_dtrcon_work( int matrix_layout, char norm, char uplo,
lapack_int LAPACKE_ctrcon_work( int matrix_layout, char norm, char uplo,
lapack_int LAPACKE_ztrcon_work( int matrix_layout, char norm, char uplo,
lapack_int LAPACKE_strevc_work( int matrix_layout, char side, char howmny,
lapack_int LAPACKE_dtrevc_work( int matrix_layout, char side, char howmny,
lapack_int LAPACKE_ctrevc_work( int matrix_layout, char side, char howmny,
lapack_int LAPACKE_ztrevc_work( int matrix_layout, char side, char howmny,
lapack_int LAPACKE_strexc_work( int matrix_layout, char compq, lapack_int n,
lapack_int LAPACKE_dtrexc_work( int matrix_layout, char compq, lapack_int n,
lapack_int LAPACKE_ctrexc_work( int matrix_layout, char compq, lapack_int n,
lapack_int LAPACKE_ztrexc_work( int matrix_layout, char compq, lapack_int n,
lapack_int LAPACKE_strrfs_work( int matrix_layout, char uplo, char trans,
lapack_int LAPACKE_dtrrfs_work( int matrix_layout, char uplo, char trans,
lapack_int LAPACKE_ctrrfs_work( int matrix_layout, char uplo, char trans,
lapack_int LAPACKE_ztrrfs_work( int matrix_layout, char uplo, char trans,
lapack_int LAPACKE_strsen_work( int matrix_layout, char job, char compq,
lapack_int LAPACKE_dtrsen_work( int matrix_layout, char job, char compq,
lapack_int LAPACKE_ctrsen_work( int matrix_layout, char job, char compq,
lapack_int LAPACKE_ztrsen_work( int matrix_layout, char job, char compq,
lapack_int LAPACKE_strsna_work( int matrix_layout, char job, char howmny,
lapack_int LAPACKE_dtrsna_work( int matrix_layout, char job, char howmny,
lapack_int LAPACKE_ctrsna_work( int matrix_layout, char job, char howmny,
lapack_int LAPACKE_ztrsna_work( int matrix_layout, char job, char howmny,
lapack_int LAPACKE_strsyl_work( int matrix_layout, char trana, char tranb,
lapack_int LAPACKE_dtrsyl_work( int matrix_layout, char trana, char tranb,
lapack_int LAPACKE_ctrsyl_work( int matrix_layout, char trana, char tranb,
lapack_int LAPACKE_ztrsyl_work( int matrix_layout, char trana, char tranb,
lapack_int LAPACKE_strtri_work( int matrix_layout, char uplo, char diag,
lapack_int LAPACKE_dtrtri_work( int matrix_layout, char uplo, char diag,
lapack_int LAPACKE_ctrtri_work( int matrix_layout, char uplo, char diag,
lapack_int LAPACKE_ztrtri_work( int matrix_layout, char uplo, char diag,
lapack_int LAPACKE_strtrs_work( int matrix_layout, char uplo, char trans,
lapack_int LAPACKE_dtrtrs_work( int matrix_layout, char uplo, char trans,
lapack_int LAPACKE_ctrtrs_work( int matrix_layout, char uplo, char trans,
lapack_int LAPACKE_ztrtrs_work( int matrix_layout, char uplo, char trans,
lapack_int LAPACKE_strttf_work( int matrix_layout, char transr, char uplo,
lapack_int LAPACKE_dtrttf_work( int matrix_layout, char transr, char uplo,
lapack_int LAPACKE_ctrttf_work( int matrix_layout, char transr, char uplo,
lapack_int LAPACKE_ztrttf_work( int matrix_layout, char transr, char uplo,
lapack_int LAPACKE_strttp_work( int matrix_layout, char uplo, lapack_int n,
lapack_int LAPACKE_dtrttp_work( int matrix_layout, char uplo, lapack_int n,
lapack_int LAPACKE_ctrttp_work( int matrix_layout, char uplo, lapack_int n,
lapack_int LAPACKE_ztrttp_work( int matrix_layout, char uplo, lapack_int n,
lapack_int LAPACKE_stzrzf_work( int matrix_layout, lapack_int m, lapack_int n,
lapack_int LAPACKE_dtzrzf_work( int matrix_layout, lapack_int m, lapack_int n,
lapack_int LAPACKE_ctzrzf_work( int matrix_layout, lapack_int m, lapack_int n,
lapack_int LAPACKE_ztzrzf_work( int matrix_layout, lapack_int m, lapack_int n,
lapack_int LAPACKE_cungbr_work( int matrix_layout, char vect, lapack_int m,
lapack_int LAPACKE_zungbr_work( int matrix_layout, char vect, lapack_int m,
lapack_int LAPACKE_cunghr_work( int matrix_layout, lapack_int n, lapack_int ilo,
lapack_int LAPACKE_zunghr_work( int matrix_layout, lapack_int n, lapack_int ilo,
lapack_int LAPACKE_cunglq_work( int matrix_layout, lapack_int m, lapack_int n,
lapack_int LAPACKE_zunglq_work( int matrix_layout, lapack_int m, lapack_int n,
lapack_int LAPACKE_cungql_work( int matrix_layout, lapack_int m, lapack_int n,
lapack_int LAPACKE_zungql_work( int matrix_layout, lapack_int m, lapack_int n,
lapack_int LAPACKE_cungqr_work( int matrix_layout, lapack_int m, lapack_int n,
lapack_int LAPACKE_zungqr_work( int matrix_layout, lapack_int m, lapack_int n,
lapack_int LAPACKE_cungrq_work( int matrix_layout, lapack_int m, lapack_int n,
lapack_int LAPACKE_zungrq_work( int matrix_layout, lapack_int m, lapack_int n,
lapack_int LAPACKE_cungtr_work( int matrix_layout, char uplo, lapack_int n,
lapack_int LAPACKE_zungtr_work( int matrix_layout, char uplo, lapack_int n,
lapack_int LAPACKE_cungtsqr_row_work( int matrix_layout,
lapack_int LAPACKE_zungtsqr_row_work( int matrix_layout,
lapack_int LAPACKE_cunmbr_work( int matrix_layout, char vect, char side,
lapack_int LAPACKE_zunmbr_work( int matrix_layout, char vect, char side,
lapack_int LAPACKE_cunmhr_work( int matrix_layout, char side, char trans,
lapack_int LAPACKE_zunmhr_work( int matrix_layout, char side, char trans,
lapack_int LAPACKE_cunmlq_work( int matrix_layout, char side, char trans,
lapack_int LAPACKE_zunmlq_work( int matrix_layout, char side, char trans,
lapack_int LAPACKE_cunmql_work( int matrix_layout, char side, char trans,
lapack_int LAPACKE_zunmql_work( int matrix_layout, char side, char trans,
lapack_int LAPACKE_cunmqr_work( int matrix_layout, char side, char trans,
lapack_int LAPACKE_zunmqr_work( int matrix_layout, char side, char trans,
lapack_int LAPACKE_cunmrq_work( int matrix_layout, char side, char trans,
lapack_int LAPACKE_zunmrq_work( int matrix_layout, char side, char trans,
lapack_int LAPACKE_cunmrz_work( int matrix_layout, char side, char trans,
lapack_int LAPACKE_zunmrz_work( int matrix_layout, char side, char trans,
lapack_int LAPACKE_cunmtr_work( int matrix_layout, char side, char uplo,
lapack_int LAPACKE_zunmtr_work( int matrix_layout, char side, char uplo,
lapack_int LAPACKE_cupgtr_work( int matrix_layout, char uplo, lapack_int n,
lapack_int LAPACKE_zupgtr_work( int matrix_layout, char uplo, lapack_int n,
lapack_int LAPACKE_cupmtr_work( int matrix_layout, char side, char uplo,
lapack_int LAPACKE_zupmtr_work( int matrix_layout, char side, char uplo,
lapack_int LAPACKE_cbbcsd_work( int matrix_layout, char jobu1, char jobu2,
lapack_int LAPACKE_cheswapr_work( int matrix_layout, char uplo, lapack_int n,
lapack_int LAPACKE_chetri2_work( int matrix_layout, char uplo, lapack_int n,
lapack_int LAPACKE_chetri2x_work( int matrix_layout, char uplo, lapack_int n,
lapack_int LAPACKE_chetrs2_work( int matrix_layout, char uplo, lapack_int n,
lapack_int LAPACKE_csyconv_work( int matrix_layout, char uplo, char way,
lapack_int LAPACKE_csyswapr_work( int matrix_layout, char uplo, lapack_int n,
lapack_int LAPACKE_csytri2_work( int matrix_layout, char uplo, lapack_int n,
lapack_int LAPACKE_csytri2x_work( int matrix_layout, char uplo, lapack_int n,
lapack_int LAPACKE_csytrs2_work( int matrix_layout, char uplo, lapack_int n,
lapack_int LAPACKE_cunbdb_work( int matrix_layout, char trans, char signs,
lapack_int LAPACKE_cuncsd_work( int matrix_layout, char jobu1, char jobu2,
lapack_int LAPACKE_cuncsd2by1_work( int matrix_layout, char jobu1, char jobu2,
lapack_int LAPACKE_dbbcsd_work( int matrix_layout, char jobu1, char jobu2,
lapack_int LAPACKE_dorbdb_work( int matrix_layout, char trans, char signs,
lapack_int LAPACKE_dorcsd_work( int matrix_layout, char jobu1, char jobu2,
lapack_int LAPACKE_dorcsd2by1_work( int matrix_layout, char jobu1, char jobu2,
lapack_int LAPACKE_dsyconv_work( int matrix_layout, char uplo, char way,
lapack_int LAPACKE_dsyswapr_work( int matrix_layout, char uplo, lapack_int n,
lapack_int LAPACKE_dsytri2_work( int matrix_layout, char uplo, lapack_int n,
lapack_int LAPACKE_dsytri2x_work( int matrix_layout, char uplo, lapack_int n,
lapack_int LAPACKE_dsytrs2_work( int matrix_layout, char uplo, lapack_int n,
lapack_int LAPACKE_sbbcsd_work( int matrix_layout, char jobu1, char jobu2,
lapack_int LAPACKE_sorbdb_work( int matrix_layout, char trans, char signs,
lapack_int LAPACKE_sorcsd_work( int matrix_layout, char jobu1, char jobu2,
lapack_int LAPACKE_sorcsd2by1_work( int matrix_layout, char jobu1, char jobu2,
lapack_int LAPACKE_ssyconv_work( int matrix_layout, char uplo, char way,
lapack_int LAPACKE_ssyswapr_work( int matrix_layout, char uplo, lapack_int n,
lapack_int LAPACKE_ssytri2_work( int matrix_layout, char uplo, lapack_int n,
lapack_int LAPACKE_ssytri2x_work( int matrix_layout, char uplo, lapack_int n,
lapack_int LAPACKE_ssytrs2_work( int matrix_layout, char uplo, lapack_int n,
lapack_int LAPACKE_zbbcsd_work( int matrix_layout, char jobu1, char jobu2,
lapack_int LAPACKE_zheswapr_work( int matrix_layout, char uplo, lapack_int n,
lapack_int LAPACKE_zhetri2_work( int matrix_layout, char uplo, lapack_int n,
lapack_int LAPACKE_zhetri2x_work( int matrix_layout, char uplo, lapack_int n,
lapack_int LAPACKE_zhetrs2_work( int matrix_layout, char uplo, lapack_int n,
lapack_int LAPACKE_zsyconv_work( int matrix_layout, char uplo, char way,
lapack_int LAPACKE_zsyswapr_work( int matrix_layout, char uplo, lapack_int n,
lapack_int LAPACKE_zsytri2_work( int matrix_layout, char uplo, lapack_int n,
lapack_int LAPACKE_zsytri2x_work( int matrix_layout, char uplo, lapack_int n,
lapack_int LAPACKE_zsytrs2_work( int matrix_layout, char uplo, lapack_int n,
lapack_int LAPACKE_zunbdb_work( int matrix_layout, char trans, char signs,
lapack_int LAPACKE_zuncsd_work( int matrix_layout, char jobu1, char jobu2,
lapack_int LAPACKE_zuncsd2by1_work( int matrix_layout, char jobu1, char jobu2,
lapack_int LAPACKE_sgemqrt_work( int matrix_layout, char side, char trans,
lapack_int LAPACKE_dgemqrt_work( int matrix_layout, char side, char trans,
lapack_int LAPACKE_cgemqrt_work( int matrix_layout, char side, char trans,
lapack_int LAPACKE_zgemqrt_work( int matrix_layout, char side, char trans,
lapack_int LAPACKE_sgeqrt_work( int matrix_layout, lapack_int m, lapack_int n,
lapack_int LAPACKE_dgeqrt_work( int matrix_layout, lapack_int m, lapack_int n,
lapack_int LAPACKE_cgeqrt_work( int matrix_layout, lapack_int m, lapack_int n,
lapack_int LAPACKE_zgeqrt_work( int matrix_layout, lapack_int m, lapack_int n,
lapack_int LAPACKE_sgeqrt2_work( int matrix_layout, lapack_int m, lapack_int n,
lapack_int LAPACKE_dgeqrt2_work( int matrix_layout, lapack_int m, lapack_int n,
lapack_int LAPACKE_cgeqrt2_work( int matrix_layout, lapack_int m, lapack_int n,
lapack_int LAPACKE_zgeqrt2_work( int matrix_layout, lapack_int m, lapack_int n,
lapack_int LAPACKE_sgeqrt3_work( int matrix_layout, lapack_int m, lapack_int n,
lapack_int LAPACKE_dgeqrt3_work( int matrix_layout, lapack_int m, lapack_int n,
lapack_int LAPACKE_cgeqrt3_work( int matrix_layout, lapack_int m, lapack_int n,
lapack_int LAPACKE_zgeqrt3_work( int matrix_layout, lapack_int m, lapack_int n,
lapack_int LAPACKE_stpmqrt_work( int matrix_layout, char side, char trans,
lapack_int LAPACKE_dtpmqrt_work( int matrix_layout, char side, char trans,
lapack_int LAPACKE_ctpmqrt_work( int matrix_layout, char side, char trans,
lapack_int LAPACKE_ztpmqrt_work( int matrix_layout, char side, char trans,
lapack_int LAPACKE_stpqrt_work( int matrix_layout, lapack_int m, lapack_int n,
lapack_int LAPACKE_dtpqrt_work( int matrix_layout, lapack_int m, lapack_int n,
lapack_int LAPACKE_ctpqrt_work( int matrix_layout, lapack_int m, lapack_int n,
lapack_int LAPACKE_ztpqrt_work( int matrix_layout, lapack_int m, lapack_int n,
lapack_int LAPACKE_stpqrt2_work( int matrix_layout,
lapack_int LAPACKE_dtpqrt2_work( int matrix_layout,
lapack_int LAPACKE_ctpqrt2_work( int matrix_layout,
lapack_int LAPACKE_ztpqrt2_work( int matrix_layout,
lapack_int LAPACKE_stprfb_work( int matrix_layout, char side, char trans,
lapack_int LAPACKE_dtprfb_work( int matrix_layout, char side, char trans,
lapack_int LAPACKE_ctprfb_work( int matrix_layout, char side, char trans,
lapack_int LAPACKE_ztprfb_work( int matrix_layout, char side, char trans,
lapack_int LAPACKE_ssysv_rook_work( int matrix_layout, char uplo, lapack_int n,
lapack_int LAPACKE_dsysv_rook_work( int matrix_layout, char uplo, lapack_int n,
lapack_int LAPACKE_csysv_rook_work( int matrix_layout, char uplo, lapack_int n,
lapack_int LAPACKE_zsysv_rook_work( int matrix_layout, char uplo, lapack_int n,
lapack_int LAPACKE_ssytrf_rook_work( int matrix_layout, char uplo, lapack_int n,
lapack_int LAPACKE_dsytrf_rook_work( int matrix_layout, char uplo, lapack_int n,
lapack_int LAPACKE_csytrf_rook_work( int matrix_layout, char uplo, lapack_int n,
lapack_int LAPACKE_zsytrf_rook_work( int matrix_layout, char uplo, lapack_int n,
lapack_int LAPACKE_ssytrs_rook_work( int matrix_layout, char uplo, lapack_int n,
lapack_int LAPACKE_dsytrs_rook_work( int matrix_layout, char uplo, lapack_int n,
lapack_int LAPACKE_csytrs_rook_work( int matrix_layout, char uplo, lapack_int n,
lapack_int LAPACKE_zsytrs_rook_work( int matrix_layout, char uplo, lapack_int n,
lapack_int LAPACKE_chetrf_rook_work( int matrix_layout, char uplo, lapack_int n,
lapack_int LAPACKE_zhetrf_rook_work( int matrix_layout, char uplo, lapack_int n,
lapack_int LAPACKE_chetrs_rook_work( int matrix_layout, char uplo, lapack_int n,
lapack_int LAPACKE_zhetrs_rook_work( int matrix_layout, char uplo, lapack_int n,
lapack_int LAPACKE_csyr_work( int matrix_layout, char uplo, lapack_int n,
lapack_int LAPACKE_zsyr_work( int matrix_layout, char uplo, lapack_int n,
lapack_int LAPACKE_ssysv_aa_work( int matrix_layout, char uplo, lapack_int n,
lapack_int LAPACKE_dsysv_aa_work( int matrix_layout, char uplo, lapack_int n,
lapack_int LAPACKE_csysv_aa_work( int matrix_layout, char uplo, lapack_int n,
lapack_int LAPACKE_zsysv_aa_work( int matrix_layout, char uplo, lapack_int n,
lapack_int LAPACKE_chesv_aa_work( int matrix_layout, char uplo, lapack_int n,
lapack_int LAPACKE_zhesv_aa_work( int matrix_layout, char uplo, lapack_int n,
lapack_int LAPACKE_ssytrf_aa_work( int matrix_layout, char uplo, lapack_int n,
lapack_int LAPACKE_dsytrf_aa_work( int matrix_layout, char uplo, lapack_int n,
lapack_int LAPACKE_csytrf_aa_work( int matrix_layout, char uplo, lapack_int n,
lapack_int LAPACKE_zsytrf_aa_work( int matrix_layout, char uplo, lapack_int n,
lapack_int LAPACKE_chetrf_aa_work( int matrix_layout, char uplo, lapack_int n,
lapack_int LAPACKE_zhetrf_aa_work( int matrix_layout, char uplo, lapack_int n,
lapack_int LAPACKE_csytrs_aa_work( int matrix_layout, char uplo, lapack_int n,
lapack_int LAPACKE_chetrs_aa_work( int matrix_layout, char uplo, lapack_int n,
lapack_int LAPACKE_dsytrs_aa_work( int matrix_layout, char uplo, lapack_int n,
lapack_int LAPACKE_ssytrs_aa_work( int matrix_layout, char uplo, lapack_int n,
lapack_int LAPACKE_zsytrs_aa_work( int matrix_layout, char uplo, lapack_int n,
lapack_int LAPACKE_zhetrs_aa_work( int matrix_layout, char uplo, lapack_int n,
lapack_int LAPACKE_ssysv_rk_work( int matrix_layout, char uplo, lapack_int n,
lapack_int LAPACKE_dsysv_rk_work( int matrix_layout, char uplo, lapack_int n,
lapack_int LAPACKE_csysv_rk_work( int matrix_layout, char uplo, lapack_int n,
lapack_int LAPACKE_zsysv_rk_work( int matrix_layout, char uplo, lapack_int n,
lapack_int LAPACKE_chesv_rk_work( int matrix_layout, char uplo, lapack_int n,
lapack_int LAPACKE_zhesv_rk_work( int matrix_layout, char uplo, lapack_int n,
lapack_int LAPACKE_ssytrf_rk_work( int matrix_layout, char uplo, lapack_int n,
lapack_int LAPACKE_dsytrf_rk_work( int matrix_layout, char uplo, lapack_int n,
lapack_int LAPACKE_csytrf_rk_work( int matrix_layout, char uplo, lapack_int n,
lapack_int LAPACKE_zsytrf_rk_work( int matrix_layout, char uplo, lapack_int n,
lapack_int LAPACKE_chetrf_rk_work( int matrix_layout, char uplo, lapack_int n,
lapack_int LAPACKE_zhetrf_rk_work( int matrix_layout, char uplo, lapack_int n,
lapack_int LAPACKE_csytrs_3_work( int matrix_layout, char uplo, lapack_int n,
lapack_int LAPACKE_chetrs_3_work( int matrix_layout, char uplo, lapack_int n,
lapack_int LAPACKE_dsytrs_3_work( int matrix_layout, char uplo, lapack_int n,
lapack_int LAPACKE_ssytrs_3_work( int matrix_layout, char uplo, lapack_int n,
lapack_int LAPACKE_zsytrs_3_work( int matrix_layout, char uplo, lapack_int n,
lapack_int LAPACKE_zhetrs_3_work( int matrix_layout, char uplo, lapack_int n,
lapack_int LAPACKE_ssytri_3_work( int matrix_layout, char uplo, lapack_int n, float* a,
lapack_int LAPACKE_dsytri_3_work( int matrix_layout, char uplo, lapack_int n, double* a,
lapack_int LAPACKE_csytri_3_work( int matrix_layout, char uplo, lapack_int n,
lapack_int LAPACKE_zsytri_3_work( int matrix_layout, char uplo, lapack_int n,
lapack_int LAPACKE_chetri_3_work( int matrix_layout, char uplo, lapack_int n,
lapack_int LAPACKE_zhetri_3_work( int matrix_layout, char uplo, lapack_int n,
lapack_int LAPACKE_ssycon_3_work( int matrix_layout, char uplo, lapack_int n,
lapack_int LAPACKE_dsycon_3_work( int matrix_layout, char uplo, lapack_int n,
lapack_int LAPACKE_csycon_3_work( int matrix_layout, char uplo, lapack_int n,
lapack_int LAPACKE_zsycon_3_work( int matrix_layout, char uplo, lapack_int n,
lapack_int LAPACKE_checon_3_work( int matrix_layout, char uplo, lapack_int n,
lapack_int LAPACKE_zhecon_3_work( int matrix_layout, char uplo, lapack_int n,
lapack_int LAPACKE_sgelq_work( int matrix_layout, lapack_int m, lapack_int n,
lapack_int LAPACKE_dgelq_work( int matrix_layout, lapack_int m, lapack_int n,
lapack_int LAPACKE_cgelq_work( int matrix_layout, lapack_int m, lapack_int n,
lapack_int LAPACKE_zgelq_work( int matrix_layout, lapack_int m, lapack_int n,
lapack_int LAPACKE_sgemlq_work( int matrix_layout, char side, char trans,
lapack_int LAPACKE_dgemlq_work( int matrix_layout, char side, char trans,
lapack_int LAPACKE_cgemlq_work( int matrix_layout, char side, char trans,
lapack_int LAPACKE_zgemlq_work( int matrix_layout, char side, char trans,
lapack_int LAPACKE_sgeqr_work( int matrix_layout, lapack_int m, lapack_int n,
lapack_int LAPACKE_dgeqr_work( int matrix_layout, lapack_int m, lapack_int n,
lapack_int LAPACKE_cgeqr_work( int matrix_layout, lapack_int m, lapack_int n,
lapack_int LAPACKE_zgeqr_work( int matrix_layout, lapack_int m, lapack_int n,
lapack_int LAPACKE_sgemqr_work( int matrix_layout, char side, char trans,
lapack_int LAPACKE_dgemqr_work( int matrix_layout, char side, char trans,
lapack_int LAPACKE_cgemqr_work( int matrix_layout, char side, char trans,
lapack_int LAPACKE_zgemqr_work( int matrix_layout, char side, char trans,
lapack_int LAPACKE_sgetsls_work( int matrix_layout, char trans, lapack_int m,
lapack_int LAPACKE_dgetsls_work( int matrix_layout, char trans, lapack_int m,
lapack_int LAPACKE_cgetsls_work( int matrix_layout, char trans, lapack_int m,
lapack_int LAPACKE_zgetsls_work( int matrix_layout, char trans, lapack_int m,
lapack_int LAPACKE_sgetsqrhrt_work( int matrix_layout, lapack_int m, lapack_int n,
lapack_int LAPACKE_dgetsqrhrt_work( int matrix_layout, lapack_int m, lapack_int n,
lapack_int LAPACKE_cgetsqrhrt_work( int matrix_layout, lapack_int m, lapack_int n,
lapack_int LAPACKE_zgetsqrhrt_work( int matrix_layout, lapack_int m, lapack_int n,
lapack_int LAPACKE_ssyev_2stage_work( int matrix_layout, char jobz, char uplo,
lapack_int LAPACKE_dsyev_2stage_work( int matrix_layout, char jobz, char uplo,
lapack_int LAPACKE_ssyevd_2stage_work( int matrix_layout, char jobz, char uplo,
lapack_int LAPACKE_dsyevd_2stage_work( int matrix_layout, char jobz, char uplo,
lapack_int LAPACKE_ssyevr_2stage_work( int matrix_layout, char jobz, char range,
lapack_int LAPACKE_dsyevr_2stage_work( int matrix_layout, char jobz, char range,
lapack_int LAPACKE_ssyevx_2stage_work( int matrix_layout, char jobz, char range,
lapack_int LAPACKE_dsyevx_2stage_work( int matrix_layout, char jobz, char range,
lapack_int LAPACKE_cheev_2stage_work( int matrix_layout, char jobz, char uplo,
lapack_int LAPACKE_zheev_2stage_work( int matrix_layout, char jobz, char uplo,
lapack_int LAPACKE_cheevd_2stage_work( int matrix_layout, char jobz, char uplo,
lapack_int LAPACKE_zheevd_2stage_work( int matrix_layout, char jobz, char uplo,
lapack_int LAPACKE_cheevr_2stage_work( int matrix_layout, char jobz, char range,
lapack_int LAPACKE_zheevr_2stage_work( int matrix_layout, char jobz, char range,
lapack_int LAPACKE_cheevx_2stage_work( int matrix_layout, char jobz, char range,
lapack_int LAPACKE_zheevx_2stage_work( int matrix_layout, char jobz, char range,
lapack_int LAPACKE_ssbev_2stage_work( int matrix_layout, char jobz, char uplo,
lapack_int LAPACKE_dsbev_2stage_work( int matrix_layout, char jobz, char uplo,
lapack_int LAPACKE_ssbevd_2stage_work( int matrix_layout, char jobz, char uplo,
lapack_int LAPACKE_dsbevd_2stage_work( int matrix_layout, char jobz, char uplo,
lapack_int LAPACKE_ssbevx_2stage_work( int matrix_layout, char jobz, char range,
lapack_int LAPACKE_dsbevx_2stage_work( int matrix_layout, char jobz, char range,
lapack_int LAPACKE_chbev_2stage_work( int matrix_layout, char jobz, char uplo,
lapack_int LAPACKE_zhbev_2stage_work( int matrix_layout, char jobz, char uplo,
lapack_int LAPACKE_chbevd_2stage_work( int matrix_layout, char jobz, char uplo,
lapack_int LAPACKE_zhbevd_2stage_work( int matrix_layout, char jobz, char uplo,
lapack_int LAPACKE_chbevx_2stage_work( int matrix_layout, char jobz, char range,
lapack_int LAPACKE_zhbevx_2stage_work( int matrix_layout, char jobz, char range,
lapack_int LAPACKE_ssygv_2stage_work( int matrix_layout, lapack_int itype, char jobz,
lapack_int LAPACKE_dsygv_2stage_work( int matrix_layout, lapack_int itype, char jobz,
lapack_int LAPACKE_chegv_2stage_work( int matrix_layout, lapack_int itype, char jobz,
lapack_int LAPACKE_zhegv_2stage_work( int matrix_layout, lapack_int itype, char jobz,
lapack_int LAPACKE_ssysv_aa_2stage_work( int matrix_layout, char uplo, lapack_int n,
lapack_int LAPACKE_dsysv_aa_2stage_work( int matrix_layout, char uplo, lapack_int n,
lapack_int LAPACKE_csysv_aa_2stage_work( int matrix_layout, char uplo, lapack_int n,
lapack_int LAPACKE_zsysv_aa_2stage_work( int matrix_layout, char uplo, lapack_int n,
lapack_int LAPACKE_chesv_aa_2stage_work( int matrix_layout, char uplo, lapack_int n,
lapack_int LAPACKE_zhesv_aa_2stage_work( int matrix_layout, char uplo, lapack_int n,
lapack_int LAPACKE_ssytrf_aa_2stage_work( int matrix_layout, char uplo, lapack_int n,
lapack_int LAPACKE_dsytrf_aa_2stage_work( int matrix_layout, char uplo, lapack_int n,
lapack_int LAPACKE_csytrf_aa_2stage_work( int matrix_layout, char uplo, lapack_int n,
lapack_int LAPACKE_zsytrf_aa_2stage_work( int matrix_layout, char uplo, lapack_int n,
lapack_int LAPACKE_chetrf_aa_2stage_work( int matrix_layout, char uplo, lapack_int n,
lapack_int LAPACKE_zhetrf_aa_2stage_work( int matrix_layout, char uplo, lapack_int n,
lapack_int LAPACKE_ssytrs_aa_2stage_work( int matrix_layout, char uplo, lapack_int n,
lapack_int LAPACKE_dsytrs_aa_2stage_work( int matrix_layout, char uplo, lapack_int n,
lapack_int LAPACKE_csytrs_aa_2stage_work( int matrix_layout, char uplo, lapack_int n,
lapack_int LAPACKE_zsytrs_aa_2stage_work( int matrix_layout, char uplo, lapack_int n,
lapack_int LAPACKE_chetrs_aa_2stage_work( int matrix_layout, char uplo, lapack_int n,
lapack_int LAPACKE_zhetrs_aa_2stage_work( int matrix_layout, char uplo, lapack_int n,
